 ======================>     TALLY 1: PIN POWERS     <======================

 Mesh Index (1, 1)
   Total Material
     Fission Rate                         0.00178026 +/- 1.2845e-05
 Mesh Index (2, 1)
   Total Material
     Fission Rate                         0.00177342 +/- 1.26781e-05
 Mesh Index (3, 1)
   Total Material
     Fission Rate                         0.00177191 +/- 1.34474e-05
 Mesh Index (4, 1)
   Total Material
     Fission Rate                         0.00178805 +/- 1.20935e-05
 Mesh Index (5, 1)
   Total Material
     Fission Rate                         0.00180921 +/- 1.36487e-05
 Mesh Index (6, 1)
   Total Material
     Fission Rate                         0.00183947 +/- 1.16533e-05
 Mesh Index (7, 1)
   Total Material
     Fission Rate                         0.00185031 +/- 1.23716e-05
 Mesh Index (8, 1)
   Total Material
     Fission Rate                         0.00185623 +/- 1.37615e-05
 Mesh Index (9, 1)
   Total Material
     Fission Rate                         0.00184164 +/- 1.35247e-05
 Mesh Index (10, 1)
   Total Material
     Fission Rate                         0.00184866 +/- 1.40722e-05
 Mesh Index (11, 1)
   Total Material
     Fission Rate                         0.00184842 +/- 1.36413e-05
 Mesh Index (12, 1)
   Total Material
     Fission Rate                         0.00183854 +/- 1.25291e-05
 Mesh Index (13, 1)
   Total Material
     Fission Rate                         0.00183418 +/- 1.32627e-05
 Mesh Index (14, 1)
   Total Material
     Fission Rate                         0.0018169 +/- 1.18414e-05
 Mesh Index (15, 1)
   Total Material
     Fission Rate                         0.00177879 +/- 1.1838e-05
 Mesh Index (16, 1)
   Total Material
     Fission Rate                         0.00180763 +/- 1.17624e-05
 Mesh Index (17, 1)
   Total Material
     Fission Rate                         0.00177612 +/- 1.35266e-05
 Mesh Index (1, 2)
   Total Material
     Fission Rate                         0.00178471 +/- 1.2495e-05
 Mesh Index (2, 2)
   Total Material
     Fission Rate                         0.00176498 +/- 1.20925e-05
 Mesh Index (3, 2)
   Total Material
     Fission Rate                         0.00178852 +/- 1.03022e-05
 Mesh Index (4, 2)
   Total Material
     Fission Rate                         0.00181542 +/- 1.27828e-05
 Mesh Index (5, 2)
   Total Material
     Fission Rate                         0.00185106 +/- 1.19886e-05
 Mesh Index (6, 2)
   Total Material
     Fission Rate                         0.00193544 +/- 1.24619e-05
 Mesh Index (7, 2)
   Total Material
     Fission Rate                         0.00187577 +/- 1.22141e-05
 Mesh Index (8, 2)
   Total Material
     Fission Rate                         0.00185494 +/- 1.28194e-05
 Mesh Index (9, 2)
   Total Material
     Fission Rate                         0.00191416 +/- 1.40145e-05
 Mesh Index (10, 2)
   Total Material
     Fission Rate                         0.00186612 +/- 1.25102e-05
 Mesh Index (11, 2)
   Total Material
     Fission Rate                         0.00186953 +/- 1.27433e-05
 Mesh Index (12, 2)
   Total Material
     Fission Rate                         0.00192328 +/- 1.14268e-05
 Mesh Index (13, 2)
   Total Material
     Fission Rate                         0.00187732 +/- 1.29705e-05
 Mesh Index (14, 2)
   Total Material
     Fission Rate                         0.0018505 +/- 1.16437e-05
 Mesh Index (15, 2)
   Total Material
     Fission Rate                         0.00179175 +/- 1.24118e-05
 Mesh Index (16, 2)
   Total Material
     Fission Rate                         0.00175616 +/- 1.23789e-05
 Mesh Index (17, 2)
   Total Material
     Fission Rate                         0.00178172 +/- 1.32776e-05
 Mesh Index (1, 3)
   Total Material
     Fission Rate                         0.0017839 +/- 1.19099e-05
 Mesh Index (2, 3)
   Total Material
     Fission Rate                         0.00176176 +/- 1.07661e-05
 Mesh Index (3, 3)
   Total Material
     Fission Rate                         0.001838 +/- 1.23499e-05
 Mesh Index (4, 3)
   Total Material
     Fission Rate                         0.00191881 +/- 1.20795e-05
 Mesh Index (5, 3)
   Total Material
     Fission Rate                         0.00198279 +/- 1.28153e-05
 Mesh Index (6, 3)
   Total Material
     Fission Rate                         0 +/- 0
 Mesh Index (7, 3)
   Total Material
     Fission Rate                         0.00196511 +/- 1.3448e-05
 Mesh Index (8, 3)
   Total Material
     Fission Rate                         0.00196841 +/- 1.25662e-05
 Mesh Index (9, 3)
   Total Material
     Fission Rate                         0 +/- 0
 Mesh Index (10, 3)
   Total Material
     Fission Rate                         0.0019567 +/- 1.19881e-05
 Mesh Index (11, 3)
   Total Material
     Fission Rate                         0.00196139 +/- 1.38377e-05
 Mesh Index (12, 3)
   Total Material
     Fission Rate                         0 +/- 0
 Mesh Index (13, 3)
   Total Material
     Fission Rate                         0.00200045 +/- 1.35313e-05
 Mesh Index (14, 3)
   Total Material
     Fission Rate                         0.00196073 +/- 1.28317e-05
 Mesh Index (15, 3)
   Total Material
     Fission Rate                         0.00182303 +/- 1.17866e-05
 Mesh Index (16, 3)
   Total Material
     Fission Rate                         0.00178775 +/- 1.16855e-05
 Mesh Index (17, 3)
   Total Material
     Fission Rate                         0.00178566 +/- 1.18854e-05
 Mesh Index (1, 4)
   Total Material
     Fission Rate                         0.00179697 +/- 1.18993e-05
 Mesh Index (2, 4)
   Total Material
     Fission Rate                         0.0018305 +/- 1.22582e-05
 Mesh Index (3, 4)
   Total Material
     Fission Rate                         0.00194845 +/- 1.30147e-05
 Mesh Index (4, 4)
   Total Material
     Fission Rate                         0 +/- 0
 Mesh Index (5, 4)
   Total Material
     Fission Rate                         0.00199039 +/- 1.26715e-05
 Mesh Index (6, 4)
   Total Material
     Fission Rate                         0.00199505 +/- 1.16759e-05
 Mesh Index (7, 4)
   Total Material
     Fission Rate                         0.00189234 +/- 1.21814e-05
 Mesh Index (8, 4)
   Total Material
     Fission Rate                         0.00192412 +/- 1.37318e-05
 Mesh Index (9, 4)
   Total Material
     Fission Rate                         0.00199161 +/- 1.31439e-05
 Mesh Index (10, 4)
   Total Material
     Fission Rate                         0.00191296 +/- 1.14756e-05
 Mesh Index (11, 4)
   Total Material
     Fission Rate                         0.00191271 +/- 1.24409e-05
 Mesh Index (12, 4)
   Total Material
     Fission Rate                         0.00196886 +/- 1.12981e-05
 Mesh Index (13, 4)
   Total Material
     Fission Rate                         0.00201905 +/- 1.24232e-05
 Mesh Index (14, 4)
   Total Material
     Fission Rate                         0 +/- 0
 Mesh Index (15, 4)
   Total Material
     Fission Rate                         0.00192623 +/- 1.13385e-05
 Mesh Index (16, 4)
   Total Material
     Fission Rate                         0.00178953 +/- 1.20416e-05
 Mesh Index (17, 4)
   Total Material
     Fission Rate                         0.00179336 +/- 1.25846e-05
 Mesh Index (1, 5)
   Total Material
     Fission Rate                         0.00182772 +/- 1.31094e-05
 Mesh Index (2, 5)
   Total Material
     Fission Rate                         0.00187521 +/- 1.19235e-05
 Mesh Index (3, 5)
   Total Material
     Fission Rate                         0.00198934 +/- 1.26027e-05
 Mesh Index (4, 5)
   Total Material
     Fission Rate                         0.00202565 +/- 1.23321e-05
 Mesh Index (5, 5)
   Total Material
     Fission Rate                         0.00197111 +/- 1.18464e-05
 Mesh Index (6, 5)
   Total Material
     Fission Rate                         0.00199465 +/- 1.14979e-05
 Mesh Index (7, 5)
   Total Material
     Fission Rate                         0.00189586 +/- 1.19473e-05
 Mesh Index (8, 5)
   Total Material
     Fission Rate                         0.00189945 +/- 1.26378e-05
 Mesh Index (9, 5)
   Total Material
     Fission Rate                         0.00196467 +/- 1.28558e-05
 Mesh Index (10, 5)
   Total Material
     Fission Rate                         0.00190739 +/- 1.13114e-05
 Mesh Index (11, 5)
   Total Material
     Fission Rate                         0.00189775 +/- 1.20066e-05
 Mesh Index (12, 5)
   Total Material
     Fission Rate                         0.00199262 +/- 1.25476e-05
 Mesh Index (13, 5)
   Total Material
     Fission Rate                         0.00195543 +/- 1.31177e-05
 Mesh Index (14, 5)
   Total Material
     Fission Rate                         0.00198204 +/- 1.24121e-05
 Mesh Index (15, 5)
   Total Material
     Fission Rate                         0.00197555 +/- 1.20353e-05
 Mesh Index (16, 5)
   Total Material
     Fission Rate                         0.00187039 +/- 1.16472e-05
 Mesh Index (17, 5)
   Total Material
     Fission Rate                         0.00181804 +/- 1.28674e-05
 Mesh Index (1, 6)
   Total Material
     Fission Rate                         0.00184985 +/- 1.32036e-05
 Mesh Index (2, 6)
   Total Material
     Fission Rate                         0.00192528 +/- 1.25221e-05
 Mesh Index (3, 6)
   Total Material
     Fission Rate                         0 +/- 0
 Mesh Index (4, 6)
   Total Material
     Fission Rate                         0.00202096 +/- 1.34629e-05
 Mesh Index (5, 6)
   Total Material
     Fission Rate                         0.00200188 +/- 1.42429e-05
 Mesh Index (6, 6)
   Total Material
     Fission Rate                         0 +/- 0
 Mesh Index (7, 6)
   Total Material
     Fission Rate                         0.0019845 +/- 1.2828e-05
 Mesh Index (8, 6)
   Total Material
     Fission Rate                         0.00196438 +/- 1.26137e-05
 Mesh Index (9, 6)
   Total Material
     Fission Rate                         0 +/- 0
 Mesh Index (10, 6)
   Total Material
     Fission Rate                         0.00198007 +/- 1.21173e-05
 Mesh Index (11, 6)
   Total Material
     Fission Rate                         0.00200175 +/- 1.25955e-05
 Mesh Index (12, 6)
   Total Material
     Fission Rate                         0 +/- 0
 Mesh Index (13, 6)
   Total Material
     Fission Rate                         0.00198607 +/- 1.13822e-05
 Mesh Index (14, 6)
   Total Material
     Fission Rate                         0.00199675 +/- 1.32826e-05
 Mesh Index (15, 6)
   Total Material
     Fission Rate                         0 +/- 0
 Mesh Index (16, 6)
   Total Material
     Fission Rate                         0.00191505 +/- 1.13814e-05
 Mesh Index (17, 6)
   Total Material
     Fission Rate                         0.00185819 +/- 1.30991e-05
 Mesh Index (1, 7)
   Total Material
     Fission Rate                         0.00186224 +/- 1.30616e-05
 Mesh Index (2, 7)
   Total Material
     Fission Rate                         0.00187069 +/- 1.2538e-05
 Mesh Index (3, 7)
   Total Material
     Fission Rate                         0.00195911 +/- 1.33182e-05
 Mesh Index (4, 7)
   Total Material
     Fission Rate                         0.00191589 +/- 1.15595e-05
 Mesh Index (5, 7)
   Total Material
     Fission Rate                         0.00192578 +/- 1.29331e-05
 Mesh Index (6, 7)
   Total Material
     Fission Rate                         0.00198325 +/- 1.25141e-05
 Mesh Index (7, 7)
   Total Material
     Fission Rate                         0.0019397 +/- 1.22928e-05
 Mesh Index (8, 7)
   Total Material
     Fission Rate                         0.00190031 +/- 1.22019e-05
 Mesh Index (9, 7)
   Total Material
     Fission Rate                         0.00196513 +/- 1.11375e-05
 Mesh Index (10, 7)
   Total Material
     Fission Rate                         0.00191563 +/- 1.17462e-05
 Mesh Index (11, 7)
   Total Material
     Fission Rate                         0.00193813 +/- 1.04572e-05
 Mesh Index (12, 7)
   Total Material
     Fission Rate                         0.0020009 +/- 1.39282e-05
 Mesh Index (13, 7)
   Total Material
     Fission Rate                         0.00192105 +/- 1.17203e-05
 Mesh Index (14, 7)
   Total Material
     Fission Rate                         0.00191991 +/- 1.23639e-05
 Mesh Index (15, 7)
   Total Material
     Fission Rate                         0.00195868 +/- 1.30574e-05
 Mesh Index (16, 7)
   Total Material
     Fission Rate                         0.00188417 +/- 1.18174e-05
 Mesh Index (17, 7)
   Total Material
     Fission Rate                         0.0018545 +/- 1.3764e-05
 Mesh Index (1, 8)
   Total Material
     Fission Rate                         0.00183526 +/- 1.29347e-05
 Mesh Index (2, 8)
   Total Material
     Fission Rate                         0.00186158 +/- 1.14481e-05
 Mesh Index (3, 8)
   Total Material
     Fission Rate                         0.00196853 +/- 1.44255e-05
 Mesh Index (4, 8)
   Total Material
     Fission Rate                         0.0019182 +/- 1.30462e-05
 Mesh Index (5, 8)
   Total Material
     Fission Rate                         0.00189386 +/- 1.12143e-05
 Mesh Index (6, 8)
   Total Material
     Fission Rate                         0.00199738 +/- 1.15623e-05
 Mesh Index (7, 8)
   Total Material
     Fission Rate                         0.00191353 +/- 1.14654e-05
 Mesh Index (8, 8)
   Total Material
     Fission Rate                         0.00190949 +/- 1.24219e-05
 Mesh Index (9, 8)
   Total Material
     Fission Rate                         0.00197382 +/- 1.30345e-05
 Mesh Index (10, 8)
   Total Material
     Fission Rate                         0.00191444 +/- 1.09237e-05
 Mesh Index (11, 8)
   Total Material
     Fission Rate                         0.00192819 +/- 1.25851e-05
 Mesh Index (12, 8)
   Total Material
     Fission Rate                         0.00199464 +/- 1.30733e-05
 Mesh Index (13, 8)
   Total Material
     Fission Rate                         0.00193616 +/- 1.22707e-05
 Mesh Index (14, 8)
   Total Material
     Fission Rate                         0.00194397 +/- 1.20891e-05
 Mesh Index (15, 8)
   Total Material
     Fission Rate                         0.00195478 +/- 1.24223e-05
 Mesh Index (16, 8)
   Total Material
     Fission Rate                         0.00188997 +/- 1.13935e-05
 Mesh Index (17, 8)
   Total Material
     Fission Rate                         0.00184714 +/- 1.18836e-05
 Mesh Index (1, 9)
   Total Material
     Fission Rate                         0.00185925 +/- 1.33185e-05
 Mesh Index (2, 9)
   Total Material
     Fission Rate                         0.00193348 +/- 1.24894e-05
 Mesh Index (3, 9)
   Total Material
     Fission Rate                         0 +/- 0
 Mesh Index (4, 9)
   Total Material
     Fission Rate                         0.00197073 +/- 1.24905e-05
 Mesh Index (5, 9)
   Total Material
     Fission Rate                         0.00196906 +/- 1.33238e-05
 Mesh Index (6, 9)
   Total Material
     Fission Rate                         0 +/- 0
 Mesh Index (7, 9)
   Total Material
     Fission Rate                         0.00196665 +/- 1.20704e-05
 Mesh Index (8, 9)
   Total Material
     Fission Rate                         0.0019591 +/- 1.35121e-05
 Mesh Index (9, 9)
   Total Material
     Fission Rate                         0 +/- 0
 Mesh Index (10, 9)
   Total Material
     Fission Rate                         0.0019604 +/- 1.3312e-05
 Mesh Index (11, 9)
   Total Material
     Fission Rate                         0.0019633 +/- 1.25454e-05
 Mesh Index (12, 9)
   Total Material
     Fission Rate                         0 +/- 0
 Mesh Index (13, 9)
   Total Material
     Fission Rate                         0.00198338 +/- 1.11168e-05
 Mesh Index (14, 9)
   Total Material
     Fission Rate                         0.00196456 +/- 1.31386e-05
 Mesh Index (15, 9)
   Total Material
     Fission Rate                         0 +/- 0
 Mesh Index (16, 9)
   Total Material
     Fission Rate                         0.00192843 +/- 1.20398e-05
 Mesh Index (17, 9)
   Total Material
     Fission Rate                         0.00185391 +/- 1.1663e-05
 Mesh Index (1, 10)
   Total Material
     Fission Rate                         0.00183685 +/- 1.26784e-05
 Mesh Index (2, 10)
   Total Material
     Fission Rate                         0.00186002 +/- 1.24409e-05
 Mesh Index (3, 10)
   Total Material
     Fission Rate                         0.00194811 +/- 1.20786e-05
 Mesh Index (4, 10)
   Total Material
     Fission Rate                         0.00191606 +/- 1.21345e-05
 Mesh Index (5, 10)
   Total Material
     Fission Rate                         0.00191824 +/- 1.22612e-05
 Mesh Index (6, 10)
   Total Material
     Fission Rate                         0.00197535 +/- 1.25085e-05
 Mesh Index (7, 10)
   Total Material
     Fission Rate                         0.0019142 +/- 1.1113e-05
 Mesh Index (8, 10)
   Total Material
     Fission Rate                         0.00189911 +/- 1.14848e-05
 Mesh Index (9, 10)
   Total Material
     Fission Rate                         0.00195994 +/- 1.33048e-05
 Mesh Index (10, 10)
   Total Material
     Fission Rate                         0.00189862 +/- 1.22913e-05
 Mesh Index (11, 10)
   Total Material
     Fission Rate                         0.00190676 +/- 1.15762e-05
 Mesh Index (12, 10)
   Total Material
     Fission Rate                         0.00196191 +/- 1.18236e-05
 Mesh Index (13, 10)
   Total Material
     Fission Rate                         0.00191045 +/- 1.28959e-05
 Mesh Index (14, 10)
   Total Material
     Fission Rate                         0.00191008 +/- 1.25025e-05
 Mesh Index (15, 10)
   Total Material
     Fission Rate                         0.00195253 +/- 1.24926e-05
 Mesh Index (16, 10)
   Total Material
     Fission Rate                         0.00186828 +/- 1.21814e-05
 Mesh Index (17, 10)
   Total Material
     Fission Rate                         0.00184056 +/- 1.3094e-05
 Mesh Index (1, 11)
   Total Material
     Fission Rate                         0.00182831 +/- 1.27159e-05
 Mesh Index (2, 11)
   Total Material
     Fission Rate                         0.00186245 +/- 1.19842e-05
 Mesh Index (3, 11)
   Total Material
     Fission Rate                         0.00193851 +/- 1.23707e-05
 Mesh Index (4, 11)
   Total Material
     Fission Rate                         0.00190899 +/- 1.1428e-05
 Mesh Index (5, 11)
   Total Material
     Fission Rate                         0.00191132 +/- 1.11326e-05
 Mesh Index (6, 11)
   Total Material
     Fission Rate                         0.00198232 +/- 1.33919e-05
 Mesh Index (7, 11)
   Total Material
     Fission Rate                         0.0019066 +/- 1.09642e-05
 Mesh Index (8, 11)
   Total Material
     Fission Rate                         0.00189536 +/- 1.22984e-05
 Mesh Index (9, 11)
   Total Material
     Fission Rate                         0.00196423 +/- 1.24127e-05
 Mesh Index (10, 11)
   Total Material
     Fission Rate                         0.00192096 +/- 1.24559e-05
 Mesh Index (11, 11)
   Total Material
     Fission Rate                         0.00191772 +/- 1.24391e-05
 Mesh Index (12, 11)
   Total Material
     Fission Rate                         0.00197603 +/- 1.36544e-05
 Mesh Index (13, 11)
   Total Material
     Fission Rate                         0.00191933 +/- 1.29363e-05
 Mesh Index (14, 11)
   Total Material
     Fission Rate                         0.00192523 +/- 1.24362e-05
 Mesh Index (15, 11)
   Total Material
     Fission Rate                         0.00196672 +/- 1.22965e-05
 Mesh Index (16, 11)
   Total Material
     Fission Rate                         0.00188526 +/- 1.22343e-05
 Mesh Index (17, 11)
   Total Material
     Fission Rate                         0.00184747 +/- 1.12337e-05
 Mesh Index (1, 12)
   Total Material
     Fission Rate                         0.00183482 +/- 1.27948e-05
 Mesh Index (2, 12)
   Total Material
     Fission Rate                         0.00192747 +/- 1.26743e-05
 Mesh Index (3, 12)
   Total Material
     Fission Rate                         0 +/- 0
 Mesh Index (4, 12)
   Total Material
     Fission Rate                         0.00199554 +/- 1.24881e-05
 Mesh Index (5, 12)
   Total Material
     Fission Rate                         0.00198141 +/- 1.2995e-05
 Mesh Index (6, 12)
   Total Material
     Fission Rate                         0 +/- 0
 Mesh Index (7, 12)
   Total Material
     Fission Rate                         0.00196423 +/- 1.29163e-05
 Mesh Index (8, 12)
   Total Material
     Fission Rate                         0.00196562 +/- 1.1331e-05
 Mesh Index (9, 12)
   Total Material
     Fission Rate                         0 +/- 0
 Mesh Index (10, 12)
   Total Material
     Fission Rate                         0.00196429 +/- 1.27325e-05
 Mesh Index (11, 12)
   Total Material
     Fission Rate                         0.00197371 +/- 1.22575e-05
 Mesh Index (12, 12)
   Total Material
     Fission Rate                         0 +/- 0
 Mesh Index (13, 12)
   Total Material
     Fission Rate                         0.00198563 +/- 1.18674e-05
 Mesh Index (14, 12)
   Total Material
     Fission Rate                         0.00199471 +/- 1.18065e-05
 Mesh Index (15, 12)
   Total Material
     Fission Rate                         0 +/- 0
 Mesh Index (16, 12)
   Total Material
     Fission Rate                         0.00192357 +/- 1.18563e-05
 Mesh Index (17, 12)
   Total Material
     Fission Rate                         0.00184192 +/- 1.35295e-05
 Mesh Index (1, 13)
   Total Material
     Fission Rate                         0.00184403 +/- 1.26014e-05
 Mesh Index (2, 13)
   Total Material
     Fission Rate                         0.00186499 +/- 1.1994e-05
 Mesh Index (3, 13)
   Total Material
     Fission Rate                         0.00198466 +/- 1.2079e-05
 Mesh Index (4, 13)
   Total Material
     Fission Rate                         0.00199761 +/- 1.22342e-05
 Mesh Index (5, 13)
   Total Material
     Fission Rate                         0.00195514 +/- 1.20109e-05
 Mesh Index (6, 13)
   Total Material
     Fission Rate                         0.00199596 +/- 1.34752e-05
 Mesh Index (7, 13)
   Total Material
     Fission Rate                         0.00191746 +/- 1.29485e-05
 Mesh Index (8, 13)
   Total Material
     Fission Rate                         0.00192473 +/- 1.21141e-05
 Mesh Index (9, 13)
   Total Material
     Fission Rate                         0.00196921 +/- 1.32439e-05
 Mesh Index (10, 13)
   Total Material
     Fission Rate                         0.00190652 +/- 1.28133e-05
 Mesh Index (11, 13)
   Total Material
     Fission Rate                         0.00191507 +/- 1.27039e-05
 Mesh Index (12, 13)
   Total Material
     Fission Rate                         0.00198436 +/- 1.29598e-05
 Mesh Index (13, 13)
   Total Material
     Fission Rate                         0.00196126 +/- 1.14136e-05
 Mesh Index (14, 13)
   Total Material
     Fission Rate                         0.00200986 +/- 1.29948e-05
 Mesh Index (15, 13)
   Total Material
     Fission Rate                         0.001994 +/- 1.14455e-05
 Mesh Index (16, 13)
   Total Material
     Fission Rate                         0.00187358 +/- 1.1411e-05
 Mesh Index (17, 13)
   Total Material
     Fission Rate                         0.00185467 +/- 1.17184e-05
 Mesh Index (1, 14)
   Total Material
     Fission Rate                         0.00179234 +/- 1.35048e-05
 Mesh Index (2, 14)
   Total Material
     Fission Rate                         0.00182723 +/- 1.22679e-05
 Mesh Index (3, 14)
   Total Material
     Fission Rate                         0.00193546 +/- 1.15464e-05
 Mesh Index (4, 14)
   Total Material
     Fission Rate                         0 +/- 0
 Mesh Index (5, 14)
   Total Material
     Fission Rate                         0.00199324 +/- 1.37377e-05
 Mesh Index (6, 14)
   Total Material
     Fission Rate                         0.00199101 +/- 1.2108e-05
 Mesh Index (7, 14)
   Total Material
     Fission Rate                         0.00193518 +/- 1.14219e-05
 Mesh Index (8, 14)
   Total Material
     Fission Rate                         0.00189947 +/- 1.26303e-05
 Mesh Index (9, 14)
   Total Material
     Fission Rate                         0.00195366 +/- 1.28382e-05
 Mesh Index (10, 14)
   Total Material
     Fission Rate                         0.00188152 +/- 1.16922e-05
 Mesh Index (11, 14)
   Total Material
     Fission Rate                         0.00192798 +/- 1.29256e-05
 Mesh Index (12, 14)
   Total Material
     Fission Rate                         0.00200321 +/- 1.3143e-05
 Mesh Index (13, 14)
   Total Material
     Fission Rate                         0.00201662 +/- 1.3482e-05
 Mesh Index (14, 14)
   Total Material
     Fission Rate                         0 +/- 0
 Mesh Index (15, 14)
   Total Material
     Fission Rate                         0.00196089 +/- 1.26153e-05
 Mesh Index (16, 14)
   Total Material
     Fission Rate                         0.00184276 +/- 1.18796e-05
 Mesh Index (17, 14)
   Total Material
     Fission Rate                         0.00181667 +/- 1.21595e-05
 Mesh Index (1, 15)
   Total Material
     Fission Rate                         0.00179568 +/- 1.13651e-05
 Mesh Index (2, 15)
   Total Material
     Fission Rate                         0.00178891 +/- 1.21533e-05
 Mesh Index (3, 15)
   Total Material
     Fission Rate                         0.00184341 +/- 1.15795e-05
 Mesh Index (4, 15)
   Total Material
     Fission Rate                         0.00194509 +/- 1.0618e-05
 Mesh Index (5, 15)
   Total Material
     Fission Rate                         0.00198817 +/- 1.31068e-05
 Mesh Index (6, 15)
   Total Material
     Fission Rate                         0 +/- 0
 Mesh Index (7, 15)
   Total Material
     Fission Rate                         0.00194334 +/- 1.20037e-05
 Mesh Index (8, 15)
   Total Material
     Fission Rate                         0.00194769 +/- 1.25736e-05
 Mesh Index (9, 15)
   Total Material
     Fission Rate                         0 +/- 0
 Mesh Index (10, 15)
   Total Material
     Fission Rate                         0.00195466 +/- 1.35187e-05
 Mesh Index (11, 15)
   Total Material
     Fission Rate                         0.00195034 +/- 1.24776e-05
 Mesh Index (12, 15)
   Total Material
     Fission Rate                         0 +/- 0
 Mesh Index (13, 15)
   Total Material
     Fission Rate                         0.00198329 +/- 1.24194e-05
 Mesh Index (14, 15)
   Total Material
     Fission Rate                         0.0019527 +/- 1.35299e-05
 Mesh Index (15, 15)
   Total Material
     Fission Rate                         0.00185982 +/- 1.18278e-05
 Mesh Index (16, 15)
   Total Material
     Fission Rate                         0.00180752 +/- 1.10427e-05
 Mesh Index (17, 15)
   Total Material
     Fission Rate                         0.00180266 +/- 1.16693e-05
 Mesh Index (1, 16)
   Total Material
     Fission Rate                         0.00176776 +/- 1.16027e-05
 Mesh Index (2, 16)
   Total Material
     Fission Rate                         0.00175414 +/- 1.19231e-05
 Mesh Index (3, 16)
   Total Material
     Fission Rate                         0.00177715 +/- 1.21075e-05
 Mesh Index (4, 16)
   Total Material
     Fission Rate                         0.00181054 +/- 1.2076e-05
 Mesh Index (5, 16)
   Total Material
     Fission Rate                         0.00185852 +/- 1.17144e-05
 Mesh Index (6, 16)
   Total Material
     Fission Rate                         0.00194196 +/- 1.33706e-05
 Mesh Index (7, 16)
   Total Material
     Fission Rate                         0.00187346 +/- 1.34142e-05
 Mesh Index (8, 16)
   Total Material
     Fission Rate                         0.00185008 +/- 1.18826e-05
 Mesh Index (9, 16)
   Total Material
     Fission Rate                         0.0019245 +/- 1.15609e-05
 Mesh Index (10, 16)
   Total Material
     Fission Rate                         0.00188565 +/- 1.17629e-05
 Mesh Index (11, 16)
   Total Material
     Fission Rate                         0.00188692 +/- 1.17764e-05
 Mesh Index (12, 16)
   Total Material
     Fission Rate                         0.00194821 +/- 1.20216e-05
 Mesh Index (13, 16)
   Total Material
     Fission Rate                         0.00185992 +/- 1.29612e-05
 Mesh Index (14, 16)
   Total Material
     Fission Rate                         0.00183472 +/- 1.24971e-05
 Mesh Index (15, 16)
   Total Material
     Fission Rate                         0.0017928 +/- 1.12252e-05
 Mesh Index (16, 16)
   Total Material
     Fission Rate                         0.00178581 +/- 1.23856e-05
 Mesh Index (17, 16)
   Total Material
     Fission Rate                         0.00179744 +/- 1.16096e-05
 Mesh Index (1, 17)
   Total Material
     Fission Rate                         0.00179303 +/- 1.3565e-05
 Mesh Index (2, 17)
   Total Material
     Fission Rate                         0.00179348 +/- 1.25444e-05
 Mesh Index (3, 17)
   Total Material
     Fission Rate                         0.00178873 +/- 1.42706e-05
 Mesh Index (4, 17)
   Total Material
     Fission Rate                         0.00179305 +/- 1.25596e-05
 Mesh Index (5, 17)
   Total Material
     Fission Rate                         0.0018209 +/- 1.26989e-05
 Mesh Index (6, 17)
   Total Material
     Fission Rate                         0.00186597 +/- 1.31918e-05
 Mesh Index (7, 17)
   Total Material
     Fission Rate                         0.00182644 +/- 1.21135e-05
 Mesh Index (8, 17)
   Total Material
     Fission Rate                         0.00183899 +/- 1.33151e-05
 Mesh Index (9, 17)
   Total Material
     Fission Rate                         0.00184364 +/- 1.35765e-05
 Mesh Index (10, 17)
   Total Material
     Fission Rate                         0.001827 +/- 1.2879e-05
 Mesh Index (11, 17)
   Total Material
     Fission Rate                         0.0018206 +/- 1.25183e-05
 Mesh Index (12, 17)
   Total Material
     Fission Rate                         0.00185766 +/- 1.34386e-05
 Mesh Index (13, 17)
   Total Material
     Fission Rate                         0.00184499 +/- 1.23631e-05
 Mesh Index (14, 17)
   Total Material
     Fission Rate                         0.00180339 +/- 1.33154e-05
 Mesh Index (15, 17)
   Total Material
     Fission Rate                         0.00180762 +/- 1.22466e-05
 Mesh Index (16, 17)
   Total Material
     Fission Rate                         0.00177941 +/- 1.11305e-05
 Mesh Index (17, 17)
   Total Material
     Fission Rate                         0.00180353 +/- 1.35442e-05
