 ===================>     TALLY 1: FLUX_DETECTOR_1     <====================

 Cell 1
   Incoming Energy [10000, 10758.72762056883)
     Total Material
       Flux                                 0 +/- 0
   Incoming Energy [10758.72762056883, 11575.02200135904)
     Total Material
       Flux                                 0 +/- 0
   Incoming Energy [11575.02200135904, 12453.25089147134)
     Total Material
       Flux                                 0 +/- 0
   Incoming Energy [12453.25089147134, 13398.11343319461)
     Total Material
       Flux                                 0 +/- 0
   Incoming Energy [13398.11343319461, 14414.665305722483)
     Total Material
       Flux                                 0 +/- 0
   Incoming Energy [14414.665305722483, 15508.345776593173)
     Total Material
       Flux                                 0 +/- 0
   Incoming Energy [15508.345776593173, 16685.00680559646)
     Total Material
       Flux                                 0 +/- 0
   Incoming Energy [16685.00680559646, 17950.944356874952)
     Total Material
       Flux                                 0 +/- 0
   Incoming Energy [17950.944356874952, 19312.932086760473)
     Total Material
       Flux                                 0 +/- 0
   Incoming Energy [19312.932086760473, 20778.257587599946)
     Total Material
       Flux                                 0 +/- 0
   Incoming Energy [20778.257587599946, 22354.761381500542)
     Total Material
       Flux                                 0 +/- 0
   Incoming Energy [22354.761381500542, 24050.878872637528)
     Total Material
       Flux                                 0 +/- 0
   Incoming Energy [24050.878872637528, 25875.685482600016)
     Total Material
       Flux                                 0 +/- 0
   Incoming Energy [25875.685482600016, 27838.94521028007)
     Total Material
       Flux                                 0 +/- 0
   Incoming Energy [27838.94521028007, 29951.16287613425)
     Total Material
       Flux                                 0 +/- 0
   Incoming Energy [29951.16287613425, 32223.64033036207)
     Total Material
       Flux                                 0 +/- 0
   Incoming Energy [32223.64033036207, 34668.536925754204)
     Total Material
       Flux                                 0 +/- 0
   Incoming Energy [34668.536925754204, 37298.93457878222)
     Total Material
       Flux                                 0 +/- 0
   Incoming Energy [37298.93457878222, 40128.90776705332)
     Total Material
       Flux                                 0 +/- 0
   Incoming Energy [40128.90776705332, 43173.598837665566)
     Total Material
       Flux                                 0 +/- 0
   Incoming Energy [43173.598837665566, 46449.29902941509)
     Total Material
       Flux                                 0 +/- 0
   Incoming Energy [46449.29902941509, 49973.5356423828)
     Total Material
       Flux                                 0 +/- 0
   Incoming Energy [49973.5356423828, 53765.16582131847)
     Total Material
       Flux                                 0 +/- 0
   Incoming Energy [53765.16582131847, 57844.477454628104)
     Total Material
       Flux                                 0 +/- 0
   Incoming Energy [57844.477454628104, 62233.297728847836)
     Total Material
       Flux                                 0 +/- 0
   Incoming Energy [62233.297728847836, 66955.10991944387)
     Total Material
       Flux                                 0 +/- 0
   Incoming Energy [66955.10991944387, 72035.17904285413)
     Total Material
       Flux                                 0 +/- 0
   Incoming Energy [72035.17904285413, 77500.68704209756)
     Total Material
       Flux                                 0 +/- 0
   Incoming Energy [77500.68704209756, 83380.87822928758)
     Total Material
       Flux                                 0 +/- 0
   Incoming Energy [83380.87822928758, 89707.21576327208)
     Total Material
       Flux                                 0 +/- 0
   Incoming Energy [89707.21576327208, 96513.54999966428)
     Total Material
       Flux                                 0 +/- 0
   Incoming Energy [96513.54999966428, 103836.29961405367)
     Total Material
       Flux                                 0 +/- 0
   Incoming Energy [103836.29961405367, 111714.64646753798)
     Total Material
       Flux                                 0 +/- 0
   Incoming Energy [111714.64646753798, 120190.74525723829)
     Total Material
       Flux                                 0 +/- 0
   Incoming Energy [120190.74525723829, 129309.9490735799)
     Total Material
       Flux                                 0 +/- 0
   Incoming Energy [129309.9490735799, 139121.05207122728)
     Total Material
       Flux                                 0 +/- 0
   Incoming Energy [139121.05207122728, 149676.55055213076)
     Total Material
       Flux                                 0 +/- 0
   Incoming Energy [149676.55055213076, 161032.92385766725)
     Total Material
       Flux                                 0 +/- 0
   Incoming Energy [161032.92385766725, 173250.9365728442)
     Total Material
       Flux                                 0 +/- 0
   Incoming Energy [173250.9365728442, 186395.96365956773)
     Total Material
       Flux                                 0 +/- 0
   Incoming Energy [186395.96365956773, 200538.34025867312)
     Total Material
       Flux                                 2.37124e-05 +/- 2.37124e-05
   Incoming Energy [200538.34025867312, 215753.73803240166)
     Total Material
       Flux                                 6.29291e-05 +/- 4.29727e-05
   Incoming Energy [215753.73803240166, 232123.57006101715)
     Total Material
       Flux                                 0 +/- 0
   Incoming Energy [232123.57006101715, 249735.4264600504)
     Total Material
       Flux                                 0 +/- 0
   Incoming Energy [249735.4264600504, 268683.543049028)
     Total Material
       Flux                                 0 +/- 0
   Incoming Energy [268683.543049028, 289069.3055793872)
     Total Material
       Flux                                 0 +/- 0
   Incoming Energy [289069.3055793872, 311001.7922195598)
     Total Material
       Flux                                 2.25694e-05 +/- 2.25694e-05
   Incoming Energy [311001.7922195598, 334598.35719989863)
     Total Material
       Flux                                 2.13676e-05 +/- 2.13676e-05
   Incoming Energy [334598.35719989863, 359985.2587403505)
     Total Material
       Flux                                 0 +/- 0
   Incoming Energy [359985.2587403505, 387298.3346207417)
     Total Material
       Flux                                 0 +/- 0
   Incoming Energy [387298.3346207417, 416683.7290084483)
     Total Material
       Flux                                 0 +/- 0
   Incoming Energy [416683.7290084483, 448298.6744324801)
     Total Material
       Flux                                 0 +/- 0
   Incoming Energy [448298.6744324801, 482312.3330881117)
     Total Material
       Flux                                 0 +/- 0
   Incoming Energy [482312.3330881117, 518906.7019736051)
     Total Material
       Flux                                 0 +/- 0
   Incoming Energy [518906.7019736051, 558277.5867021703)
     Total Material
       Flux                                 0 +/- 0
   Incoming Energy [558277.5867021703, 600635.6491997149)
     Total Material
       Flux                                 0 +/- 0
   Incoming Energy [600635.6491997149, 646207.5348943251)
     Total Material
       Flux                                 0 +/- 0
   Incoming Energy [646207.5348943251, 695237.0854287271)
     Total Material
       Flux                                 0 +/- 0
   Incoming Energy [695237.0854287271, 747986.6433845817)
     Total Material
       Flux                                 0 +/- 0
   Incoming Energy [747986.6433845817, 804738.455999825)
     Total Material
       Flux                                 0 +/- 0
   Incoming Energy [804738.455999825, 865796.1853899232)
     Total Material
       Flux                                 0 +/- 0
   Incoming Energy [865796.1853899232, 931486.5333537697)
     Total Material
       Flux                                 0 +/- 0
   Incoming Energy [931486.5333537697, 1002160.989458109)
     Total Material
       Flux                                 0 +/- 0
   Incoming Energy [1002160.989458109, 1078197.7117539546)
     Total Material
       Flux                                 0 +/- 0
   Incoming Energy [1078197.7117539546, 1160003.5501881381)
     Total Material
       Flux                                 0 +/- 0
   Incoming Energy [1160003.5501881381, 1248016.2235366998)
     Total Material
       Flux                                 0 +/- 0
   Incoming Energy [1248016.2235366998, 1342706.6615082293)
     Total Material
       Flux                                 5.41742e-05 +/- 3.61382e-05
   Incoming Energy [1342706.6615082293, 1444581.5245490351)
     Total Material
       Flux                                 0 +/- 0
   Incoming Energy [1444581.5245490351, 1554185.91483291)
     Total Material
       Flux                                 0 +/- 0
   Incoming Energy [1554185.91483291, 1672106.2929411863)
     Total Material
       Flux                                 0 +/- 0
   Incoming Energy [1672106.2929411863, 1798973.6158393298)
     Total Material
       Flux                                 0 +/- 0
   Incoming Energy [1798973.6158393298, 1935466.7129405136)
     Total Material
       Flux                                 0 +/- 0
   Incoming Energy [1935466.7129405136, 2082315.9183204668)
     Total Material
       Flux                                 0 +/- 0
   Incoming Energy [2082315.9183204668, 2240306.9785184553)
     Total Material
       Flux                                 0.000194533 +/- 0.000194533
   Incoming Energy [2240306.9785184553, 2410285.2568339556)
     Total Material
       Flux                                 0 +/- 0
   Incoming Energy [2410285.2568339556, 2593160.2566149263)
     Total Material
       Flux                                 0 +/- 0
   Incoming Energy [2593160.2566149263, 2789910.4877404417)
     Total Material
       Flux                                 0 +/- 0
   Incoming Energy [2789910.4877404417, 3001588.7023367686)
     Total Material
       Flux                                 0 +/- 0
   Incoming Energy [3001588.7023367686, 3229327.527741788)
     Total Material
       Flux                                 0 +/- 0
   Incoming Energy [3229327.527741788, 3474345.5268578827)
     Total Material
       Flux                                 0 +/- 0
   Incoming Energy [3474345.5268578827, 3737953.7183205667)
     Total Material
       Flux                                 0 +/- 0
   Incoming Energy [3737953.7183205667, 4021562.591370336)
     Total Material
       Flux                                 0 +/- 0
   Incoming Energy [4021562.591370336, 4326689.6529622385)
     Total Material
       Flux                                 0 +/- 0
   Incoming Energy [4326689.6529622385, 4654967.54749542)
     Total Material
       Flux                                 0 +/- 0
   Incoming Energy [4654967.54749542, 5008152.7926090425)
     Total Material
       Flux                                 0 +/- 0
   Incoming Energy [5008152.7926090425, 5388135.177787183)
     Total Material
       Flux                                 0 +/- 0
   Incoming Energy [5388135.177787183, 5796947.876061751)
     Total Material
       Flux                                 0 +/- 0
   Incoming Energy [5796947.876061751, 6236778.322918324)
     Total Material
       Flux                                 0 +/- 0
   Incoming Energy [6236778.322918324, 6709979.920614632)
     Total Material
       Flux                                 0 +/- 0
   Incoming Energy [6709979.920614632, 7219084.630537888)
     Total Material
       Flux                                 0 +/- 0
   Incoming Energy [7219084.630537888, 7766816.520979174)
     Total Material
       Flux                                 0 +/- 0
   Incoming Energy [7766816.520979174, 8356106.342814895)
     Total Material
       Flux                                 0 +/- 0
   Incoming Energy [8356106.342814895, 8990107.2110853)
     Total Material
       Flux                                 0 +/- 0
   Incoming Energy [8990107.2110853, 9672211.476377824)
     Total Material
       Flux                                 0 +/- 0
   Incoming Energy [9672211.476377824, 10406068.87628889)
     Total Material
       Flux                                 0 +/- 0
   Incoming Energy [10406068.87628889, 11195606.064087095)
     Total Material
       Flux                                 0 +/- 0
   Incoming Energy [11195606.064087095, 12045047.619070146)
     Total Material
       Flux                                 0 +/- 0
   Incoming Energy [12045047.619070146, 12958938.65103568)
     Total Material
       Flux                                 0 +/- 0
   Incoming Energy [12958938.65103568, 13942169.119815454)
     Total Material
       Flux                                 0 +/- 0
   Incoming Energy [13942169.119815454, 15000000.000000004)
     Total Material
       Flux                                 3.00148e-05 +/- 1.52828e-05
 ===================>     TALLY 2: FLUX_DETECTOR_2     <====================

 Cell 2
   Incoming Energy [10000, 10758.72762056883)
     Total Material
       Flux                                 0 +/- 0
   Incoming Energy [10758.72762056883, 11575.02200135904)
     Total Material
       Flux                                 0 +/- 0
   Incoming Energy [11575.02200135904, 12453.25089147134)
     Total Material
       Flux                                 0 +/- 0
   Incoming Energy [12453.25089147134, 13398.11343319461)
     Total Material
       Flux                                 0 +/- 0
   Incoming Energy [13398.11343319461, 14414.665305722483)
     Total Material
       Flux                                 0 +/- 0
   Incoming Energy [14414.665305722483, 15508.345776593173)
     Total Material
       Flux                                 0 +/- 0
   Incoming Energy [15508.345776593173, 16685.00680559646)
     Total Material
       Flux                                 0 +/- 0
   Incoming Energy [16685.00680559646, 17950.944356874952)
     Total Material
       Flux                                 0 +/- 0
   Incoming Energy [17950.944356874952, 19312.932086760473)
     Total Material
       Flux                                 0 +/- 0
   Incoming Energy [19312.932086760473, 20778.257587599946)
     Total Material
       Flux                                 0 +/- 0
   Incoming Energy [20778.257587599946, 22354.761381500542)
     Total Material
       Flux                                 0 +/- 0
   Incoming Energy [22354.761381500542, 24050.878872637528)
     Total Material
       Flux                                 0 +/- 0
   Incoming Energy [24050.878872637528, 25875.685482600016)
     Total Material
       Flux                                 0 +/- 0
   Incoming Energy [25875.685482600016, 27838.94521028007)
     Total Material
       Flux                                 0 +/- 0
   Incoming Energy [27838.94521028007, 29951.16287613425)
     Total Material
       Flux                                 0 +/- 0
   Incoming Energy [29951.16287613425, 32223.64033036207)
     Total Material
       Flux                                 0 +/- 0
   Incoming Energy [32223.64033036207, 34668.536925754204)
     Total Material
       Flux                                 0 +/- 0
   Incoming Energy [34668.536925754204, 37298.93457878222)
     Total Material
       Flux                                 0 +/- 0
   Incoming Energy [37298.93457878222, 40128.90776705332)
     Total Material
       Flux                                 0 +/- 0
   Incoming Energy [40128.90776705332, 43173.598837665566)
     Total Material
       Flux                                 0 +/- 0
   Incoming Energy [43173.598837665566, 46449.29902941509)
     Total Material
       Flux                                 0 +/- 0
   Incoming Energy [46449.29902941509, 49973.5356423828)
     Total Material
       Flux                                 0 +/- 0
   Incoming Energy [49973.5356423828, 53765.16582131847)
     Total Material
       Flux                                 0 +/- 0
   Incoming Energy [53765.16582131847, 57844.477454628104)
     Total Material
       Flux                                 0 +/- 0
   Incoming Energy [57844.477454628104, 62233.297728847836)
     Total Material
       Flux                                 0 +/- 0
   Incoming Energy [62233.297728847836, 66955.10991944387)
     Total Material
       Flux                                 0 +/- 0
   Incoming Energy [66955.10991944387, 72035.17904285413)
     Total Material
       Flux                                 0 +/- 0
   Incoming Energy [72035.17904285413, 77500.68704209756)
     Total Material
       Flux                                 0 +/- 0
   Incoming Energy [77500.68704209756, 83380.87822928758)
     Total Material
       Flux                                 0 +/- 0
   Incoming Energy [83380.87822928758, 89707.21576327208)
     Total Material
       Flux                                 0 +/- 0
   Incoming Energy [89707.21576327208, 96513.54999966428)
     Total Material
       Flux                                 0 +/- 0
   Incoming Energy [96513.54999966428, 103836.29961405367)
     Total Material
       Flux                                 2.24061e-05 +/- 2.24061e-05
   Incoming Energy [103836.29961405367, 111714.64646753798)
     Total Material
       Flux                                 0 +/- 0
   Incoming Energy [111714.64646753798, 120190.74525723829)
     Total Material
       Flux                                 2.13199e-05 +/- 2.13199e-05
   Incoming Energy [120190.74525723829, 129309.9490735799)
     Total Material
       Flux                                 4.58186e-06 +/- 4.58186e-06
   Incoming Energy [129309.9490735799, 139121.05207122728)
     Total Material
       Flux                                 0 +/- 0
   Incoming Energy [139121.05207122728, 149676.55055213076)
     Total Material
       Flux                                 3.26363e-05 +/- 3.26363e-05
   Incoming Energy [149676.55055213076, 161032.92385766725)
     Total Material
       Flux                                 0 +/- 0
   Incoming Energy [161032.92385766725, 173250.9365728442)
     Total Material
       Flux                                 0 +/- 0
   Incoming Energy [173250.9365728442, 186395.96365956773)
     Total Material
       Flux                                 0 +/- 0
   Incoming Energy [186395.96365956773, 200538.34025867312)
     Total Material
       Flux                                 5.50187e-05 +/- 5.50187e-05
   Incoming Energy [200538.34025867312, 215753.73803240166)
     Total Material
       Flux                                 0 +/- 0
   Incoming Energy [215753.73803240166, 232123.57006101715)
     Total Material
       Flux                                 0 +/- 0
   Incoming Energy [232123.57006101715, 249735.4264600504)
     Total Material
       Flux                                 0 +/- 0
   Incoming Energy [249735.4264600504, 268683.543049028)
     Total Material
       Flux                                 0 +/- 0
   Incoming Energy [268683.543049028, 289069.3055793872)
     Total Material
       Flux                                 0 +/- 0
   Incoming Energy [289069.3055793872, 311001.7922195598)
     Total Material
       Flux                                 1.87111e-05 +/- 1.87111e-05
   Incoming Energy [311001.7922195598, 334598.35719989863)
     Total Material
       Flux                                 0 +/- 0
   Incoming Energy [334598.35719989863, 359985.2587403505)
     Total Material
       Flux                                 2.47065e-05 +/- 2.47065e-05
   Incoming Energy [359985.2587403505, 387298.3346207417)
     Total Material
       Flux                                 0 +/- 0
   Incoming Energy [387298.3346207417, 416683.7290084483)
     Total Material
       Flux                                 0 +/- 0
   Incoming Energy [416683.7290084483, 448298.6744324801)
     Total Material
       Flux                                 0 +/- 0
   Incoming Energy [448298.6744324801, 482312.3330881117)
     Total Material
       Flux                                 0 +/- 0
   Incoming Energy [482312.3330881117, 518906.7019736051)
     Total Material
       Flux                                 0 +/- 0
   Incoming Energy [518906.7019736051, 558277.5867021703)
     Total Material
       Flux                                 2.78048e-05 +/- 2.78048e-05
   Incoming Energy [558277.5867021703, 600635.6491997149)
     Total Material
       Flux                                 0 +/- 0
   Incoming Energy [600635.6491997149, 646207.5348943251)
     Total Material
       Flux                                 2.48123e-05 +/- 2.48123e-05
   Incoming Energy [646207.5348943251, 695237.0854287271)
     Total Material
       Flux                                 0 +/- 0
   Incoming Energy [695237.0854287271, 747986.6433845817)
     Total Material
       Flux                                 0 +/- 0
   Incoming Energy [747986.6433845817, 804738.455999825)
     Total Material
       Flux                                 0 +/- 0
   Incoming Energy [804738.455999825, 865796.1853899232)
     Total Material
       Flux                                 0 +/- 0
   Incoming Energy [865796.1853899232, 931486.5333537697)
     Total Material
       Flux                                 0 +/- 0
   Incoming Energy [931486.5333537697, 1002160.989458109)
     Total Material
       Flux                                 0 +/- 0
   Incoming Energy [1002160.989458109, 1078197.7117539546)
     Total Material
       Flux                                 0 +/- 0
   Incoming Energy [1078197.7117539546, 1160003.5501881381)
     Total Material
       Flux                                 0 +/- 0
   Incoming Energy [1160003.5501881381, 1248016.2235366998)
     Total Material
       Flux                                 0 +/- 0
   Incoming Energy [1248016.2235366998, 1342706.6615082293)
     Total Material
       Flux                                 0 +/- 0
   Incoming Energy [1342706.6615082293, 1444581.5245490351)
     Total Material
       Flux                                 0 +/- 0
   Incoming Energy [1444581.5245490351, 1554185.91483291)
     Total Material
       Flux                                 0 +/- 0
   Incoming Energy [1554185.91483291, 1672106.2929411863)
     Total Material
       Flux                                 0 +/- 0
   Incoming Energy [1672106.2929411863, 1798973.6158393298)
     Total Material
       Flux                                 0 +/- 0
   Incoming Energy [1798973.6158393298, 1935466.7129405136)
     Total Material
       Flux                                 0 +/- 0
   Incoming Energy [1935466.7129405136, 2082315.9183204668)
     Total Material
       Flux                                 0 +/- 0
   Incoming Energy [2082315.9183204668, 2240306.9785184553)
     Total Material
       Flux                                 0 +/- 0
   Incoming Energy [2240306.9785184553, 2410285.2568339556)
     Total Material
       Flux                                 0 +/- 0
   Incoming Energy [2410285.2568339556, 2593160.2566149263)
     Total Material
       Flux                                 0 +/- 0
   Incoming Energy [2593160.2566149263, 2789910.4877404417)
     Total Material
       Flux                                 0 +/- 0
   Incoming Energy [2789910.4877404417, 3001588.7023367686)
     Total Material
       Flux                                 0 +/- 0
   Incoming Energy [3001588.7023367686, 3229327.527741788)
     Total Material
       Flux                                 0 +/- 0
   Incoming Energy [3229327.527741788, 3474345.5268578827)
     Total Material
       Flux                                 0 +/- 0
   Incoming Energy [3474345.5268578827, 3737953.7183205667)
     Total Material
       Flux                                 0 +/- 0
   Incoming Energy [3737953.7183205667, 4021562.591370336)
     Total Material
       Flux                                 3.96885e-05 +/- 3.96885e-05
   Incoming Energy [4021562.591370336, 4326689.6529622385)
     Total Material
       Flux                                 0 +/- 0
   Incoming Energy [4326689.6529622385, 4654967.54749542)
     Total Material
       Flux                                 0 +/- 0
   Incoming Energy [4654967.54749542, 5008152.7926090425)
     Total Material
       Flux                                 0 +/- 0
   Incoming Energy [5008152.7926090425, 5388135.177787183)
     Total Material
       Flux                                 0 +/- 0
   Incoming Energy [5388135.177787183, 5796947.876061751)
     Total Material
       Flux                                 0 +/- 0
   Incoming Energy [5796947.876061751, 6236778.322918324)
     Total Material
       Flux                                 0 +/- 0
   Incoming Energy [6236778.322918324, 6709979.920614632)
     Total Material
       Flux                                 0 +/- 0
   Incoming Energy [6709979.920614632, 7219084.630537888)
     Total Material
       Flux                                 0 +/- 0
   Incoming Energy [7219084.630537888, 7766816.520979174)
     Total Material
       Flux                                 0 +/- 0
   Incoming Energy [7766816.520979174, 8356106.342814895)
     Total Material
       Flux                                 0 +/- 0
   Incoming Energy [8356106.342814895, 8990107.2110853)
     Total Material
       Flux                                 0 +/- 0
   Incoming Energy [8990107.2110853, 9672211.476377824)
     Total Material
       Flux                                 0 +/- 0
   Incoming Energy [9672211.476377824, 10406068.87628889)
     Total Material
       Flux                                 0 +/- 0
   Incoming Energy [10406068.87628889, 11195606.064087095)
     Total Material
       Flux                                 0 +/- 0
   Incoming Energy [11195606.064087095, 12045047.619070146)
     Total Material
       Flux                                 0 +/- 0
   Incoming Energy [12045047.619070146, 12958938.65103568)
     Total Material
       Flux                                 0 +/- 0
   Incoming Energy [12958938.65103568, 13942169.119815454)
     Total Material
       Flux                                 0 +/- 0
   Incoming Energy [13942169.119815454, 15000000.000000004)
     Total Material
       Flux                                 0 +/- 0
 ===================>     TALLY 3: FLUX_DETECTOR_3     <====================

 Cell 3
   Incoming Energy [10000, 10758.72762056883)
     Total Material
       Flux                                 0 +/- 0
   Incoming Energy [10758.72762056883, 11575.02200135904)
     Total Material
       Flux                                 0 +/- 0
   Incoming Energy [11575.02200135904, 12453.25089147134)
     Total Material
       Flux                                 0 +/- 0
   Incoming Energy [12453.25089147134, 13398.11343319461)
     Total Material
       Flux                                 0 +/- 0
   Incoming Energy [13398.11343319461, 14414.665305722483)
     Total Material
       Flux                                 0 +/- 0
   Incoming Energy [14414.665305722483, 15508.345776593173)
     Total Material
       Flux                                 0 +/- 0
   Incoming Energy [15508.345776593173, 16685.00680559646)
     Total Material
       Flux                                 0 +/- 0
   Incoming Energy [16685.00680559646, 17950.944356874952)
     Total Material
       Flux                                 0 +/- 0
   Incoming Energy [17950.944356874952, 19312.932086760473)
     Total Material
       Flux                                 0 +/- 0
   Incoming Energy [19312.932086760473, 20778.257587599946)
     Total Material
       Flux                                 0 +/- 0
   Incoming Energy [20778.257587599946, 22354.761381500542)
     Total Material
       Flux                                 0 +/- 0
   Incoming Energy [22354.761381500542, 24050.878872637528)
     Total Material
       Flux                                 0 +/- 0
   Incoming Energy [24050.878872637528, 25875.685482600016)
     Total Material
       Flux                                 0 +/- 0
   Incoming Energy [25875.685482600016, 27838.94521028007)
     Total Material
       Flux                                 0 +/- 0
   Incoming Energy [27838.94521028007, 29951.16287613425)
     Total Material
       Flux                                 0 +/- 0
   Incoming Energy [29951.16287613425, 32223.64033036207)
     Total Material
       Flux                                 0 +/- 0
   Incoming Energy [32223.64033036207, 34668.536925754204)
     Total Material
       Flux                                 0 +/- 0
   Incoming Energy [34668.536925754204, 37298.93457878222)
     Total Material
       Flux                                 0 +/- 0
   Incoming Energy [37298.93457878222, 40128.90776705332)
     Total Material
       Flux                                 0 +/- 0
   Incoming Energy [40128.90776705332, 43173.598837665566)
     Total Material
       Flux                                 0 +/- 0
   Incoming Energy [43173.598837665566, 46449.29902941509)
     Total Material
       Flux                                 0 +/- 0
   Incoming Energy [46449.29902941509, 49973.5356423828)
     Total Material
       Flux                                 0 +/- 0
   Incoming Energy [49973.5356423828, 53765.16582131847)
     Total Material
       Flux                                 0 +/- 0
   Incoming Energy [53765.16582131847, 57844.477454628104)
     Total Material
       Flux                                 0 +/- 0
   Incoming Energy [57844.477454628104, 62233.297728847836)
     Total Material
       Flux                                 0 +/- 0
   Incoming Energy [62233.297728847836, 66955.10991944387)
     Total Material
       Flux                                 0 +/- 0
   Incoming Energy [66955.10991944387, 72035.17904285413)
     Total Material
       Flux                                 0 +/- 0
   Incoming Energy [72035.17904285413, 77500.68704209756)
     Total Material
       Flux                                 0 +/- 0
   Incoming Energy [77500.68704209756, 83380.87822928758)
     Total Material
       Flux                                 0 +/- 0
   Incoming Energy [83380.87822928758, 89707.21576327208)
     Total Material
       Flux                                 0 +/- 0
   Incoming Energy [89707.21576327208, 96513.54999966428)
     Total Material
       Flux                                 0 +/- 0
   Incoming Energy [96513.54999966428, 103836.29961405367)
     Total Material
       Flux                                 0 +/- 0
   Incoming Energy [103836.29961405367, 111714.64646753798)
     Total Material
       Flux                                 0 +/- 0
   Incoming Energy [111714.64646753798, 120190.74525723829)
     Total Material
       Flux                                 0 +/- 0
   Incoming Energy [120190.74525723829, 129309.9490735799)
     Total Material
       Flux                                 0 +/- 0
   Incoming Energy [129309.9490735799, 139121.05207122728)
     Total Material
       Flux                                 0 +/- 0
   Incoming Energy [139121.05207122728, 149676.55055213076)
     Total Material
       Flux                                 0 +/- 0
   Incoming Energy [149676.55055213076, 161032.92385766725)
     Total Material
       Flux                                 0 +/- 0
   Incoming Energy [161032.92385766725, 173250.9365728442)
     Total Material
       Flux                                 0 +/- 0
   Incoming Energy [173250.9365728442, 186395.96365956773)
     Total Material
       Flux                                 0 +/- 0
   Incoming Energy [186395.96365956773, 200538.34025867312)
     Total Material
       Flux                                 0 +/- 0
   Incoming Energy [200538.34025867312, 215753.73803240166)
     Total Material
       Flux                                 0 +/- 0
   Incoming Energy [215753.73803240166, 232123.57006101715)
     Total Material
       Flux                                 0 +/- 0
   Incoming Energy [232123.57006101715, 249735.4264600504)
     Total Material
       Flux                                 0 +/- 0
   Incoming Energy [249735.4264600504, 268683.543049028)
     Total Material
       Flux                                 0 +/- 0
   Incoming Energy [268683.543049028, 289069.3055793872)
     Total Material
       Flux                                 0 +/- 0
   Incoming Energy [289069.3055793872, 311001.7922195598)
     Total Material
       Flux                                 0 +/- 0
   Incoming Energy [311001.7922195598, 334598.35719989863)
     Total Material
       Flux                                 0 +/- 0
   Incoming Energy [334598.35719989863, 359985.2587403505)
     Total Material
       Flux                                 0 +/- 0
   Incoming Energy [359985.2587403505, 387298.3346207417)
     Total Material
       Flux                                 0 +/- 0
   Incoming Energy [387298.3346207417, 416683.7290084483)
     Total Material
       Flux                                 0 +/- 0
   Incoming Energy [416683.7290084483, 448298.6744324801)
     Total Material
       Flux                                 0 +/- 0
   Incoming Energy [448298.6744324801, 482312.3330881117)
     Total Material
       Flux                                 0 +/- 0
   Incoming Energy [482312.3330881117, 518906.7019736051)
     Total Material
       Flux                                 0 +/- 0
   Incoming Energy [518906.7019736051, 558277.5867021703)
     Total Material
       Flux                                 0 +/- 0
   Incoming Energy [558277.5867021703, 600635.6491997149)
     Total Material
       Flux                                 0 +/- 0
   Incoming Energy [600635.6491997149, 646207.5348943251)
     Total Material
       Flux                                 0 +/- 0
   Incoming Energy [646207.5348943251, 695237.0854287271)
     Total Material
       Flux                                 0 +/- 0
   Incoming Energy [695237.0854287271, 747986.6433845817)
     Total Material
       Flux                                 0 +/- 0
   Incoming Energy [747986.6433845817, 804738.455999825)
     Total Material
       Flux                                 0 +/- 0
   Incoming Energy [804738.455999825, 865796.1853899232)
     Total Material
       Flux                                 0 +/- 0
   Incoming Energy [865796.1853899232, 931486.5333537697)
     Total Material
       Flux                                 0 +/- 0
   Incoming Energy [931486.5333537697, 1002160.989458109)
     Total Material
       Flux                                 0 +/- 0
   Incoming Energy [1002160.989458109, 1078197.7117539546)
     Total Material
       Flux                                 0 +/- 0
   Incoming Energy [1078197.7117539546, 1160003.5501881381)
     Total Material
       Flux                                 0 +/- 0
   Incoming Energy [1160003.5501881381, 1248016.2235366998)
     Total Material
       Flux                                 0 +/- 0
   Incoming Energy [1248016.2235366998, 1342706.6615082293)
     Total Material
       Flux                                 0 +/- 0
   Incoming Energy [1342706.6615082293, 1444581.5245490351)
     Total Material
       Flux                                 0 +/- 0
   Incoming Energy [1444581.5245490351, 1554185.91483291)
     Total Material
       Flux                                 0 +/- 0
   Incoming Energy [1554185.91483291, 1672106.2929411863)
     Total Material
       Flux                                 0 +/- 0
   Incoming Energy [1672106.2929411863, 1798973.6158393298)
     Total Material
       Flux                                 0 +/- 0
   Incoming Energy [1798973.6158393298, 1935466.7129405136)
     Total Material
       Flux                                 0 +/- 0
   Incoming Energy [1935466.7129405136, 2082315.9183204668)
     Total Material
       Flux                                 0 +/- 0
   Incoming Energy [2082315.9183204668, 2240306.9785184553)
     Total Material
       Flux                                 0 +/- 0
   Incoming Energy [2240306.9785184553, 2410285.2568339556)
     Total Material
       Flux                                 0 +/- 0
   Incoming Energy [2410285.2568339556, 2593160.2566149263)
     Total Material
       Flux                                 0 +/- 0
   Incoming Energy [2593160.2566149263, 2789910.4877404417)
     Total Material
       Flux                                 0 +/- 0
   Incoming Energy [2789910.4877404417, 3001588.7023367686)
     Total Material
       Flux                                 0 +/- 0
   Incoming Energy [3001588.7023367686, 3229327.527741788)
     Total Material
       Flux                                 0 +/- 0
   Incoming Energy [3229327.527741788, 3474345.5268578827)
     Total Material
       Flux                                 0 +/- 0
   Incoming Energy [3474345.5268578827, 3737953.7183205667)
     Total Material
       Flux                                 0 +/- 0
   Incoming Energy [3737953.7183205667, 4021562.591370336)
     Total Material
       Flux                                 0 +/- 0
   Incoming Energy [4021562.591370336, 4326689.6529622385)
     Total Material
       Flux                                 0 +/- 0
   Incoming Energy [4326689.6529622385, 4654967.54749542)
     Total Material
       Flux                                 0 +/- 0
   Incoming Energy [4654967.54749542, 5008152.7926090425)
     Total Material
       Flux                                 0 +/- 0
   Incoming Energy [5008152.7926090425, 5388135.177787183)
     Total Material
       Flux                                 0 +/- 0
   Incoming Energy [5388135.177787183, 5796947.876061751)
     Total Material
       Flux                                 0 +/- 0
   Incoming Energy [5796947.876061751, 6236778.322918324)
     Total Material
       Flux                                 0 +/- 0
   Incoming Energy [6236778.322918324, 6709979.920614632)
     Total Material
       Flux                                 0 +/- 0
   Incoming Energy [6709979.920614632, 7219084.630537888)
     Total Material
       Flux                                 0 +/- 0
   Incoming Energy [7219084.630537888, 7766816.520979174)
     Total Material
       Flux                                 0 +/- 0
   Incoming Energy [7766816.520979174, 8356106.342814895)
     Total Material
       Flux                                 0 +/- 0
   Incoming Energy [8356106.342814895, 8990107.2110853)
     Total Material
       Flux                                 0 +/- 0
   Incoming Energy [8990107.2110853, 9672211.476377824)
     Total Material
       Flux                                 0 +/- 0
   Incoming Energy [9672211.476377824, 10406068.87628889)
     Total Material
       Flux                                 0 +/- 0
   Incoming Energy [10406068.87628889, 11195606.064087095)
     Total Material
       Flux                                 0 +/- 0
   Incoming Energy [11195606.064087095, 12045047.619070146)
     Total Material
       Flux                                 0 +/- 0
   Incoming Energy [12045047.619070146, 12958938.65103568)
     Total Material
       Flux                                 0 +/- 0
   Incoming Energy [12958938.65103568, 13942169.119815454)
     Total Material
       Flux                                 0 +/- 0
   Incoming Energy [13942169.119815454, 15000000.000000004)
     Total Material
       Flux                                 0 +/- 0
 ===================>     TALLY 4: FLUX_DETECTOR_4     <====================

 Cell 4
   Incoming Energy [10000, 10758.72762056883)
     Total Material
       Flux                                 0 +/- 0
   Incoming Energy [10758.72762056883, 11575.02200135904)
     Total Material
       Flux                                 0 +/- 0
   Incoming Energy [11575.02200135904, 12453.25089147134)
     Total Material
       Flux                                 0 +/- 0
   Incoming Energy [12453.25089147134, 13398.11343319461)
     Total Material
       Flux                                 0 +/- 0
   Incoming Energy [13398.11343319461, 14414.665305722483)
     Total Material
       Flux                                 0 +/- 0
   Incoming Energy [14414.665305722483, 15508.345776593173)
     Total Material
       Flux                                 0 +/- 0
   Incoming Energy [15508.345776593173, 16685.00680559646)
     Total Material
       Flux                                 0 +/- 0
   Incoming Energy [16685.00680559646, 17950.944356874952)
     Total Material
       Flux                                 0 +/- 0
   Incoming Energy [17950.944356874952, 19312.932086760473)
     Total Material
       Flux                                 0 +/- 0
   Incoming Energy [19312.932086760473, 20778.257587599946)
     Total Material
       Flux                                 0 +/- 0
   Incoming Energy [20778.257587599946, 22354.761381500542)
     Total Material
       Flux                                 0 +/- 0
   Incoming Energy [22354.761381500542, 24050.878872637528)
     Total Material
       Flux                                 0 +/- 0
   Incoming Energy [24050.878872637528, 25875.685482600016)
     Total Material
       Flux                                 0 +/- 0
   Incoming Energy [25875.685482600016, 27838.94521028007)
     Total Material
       Flux                                 0 +/- 0
   Incoming Energy [27838.94521028007, 29951.16287613425)
     Total Material
       Flux                                 0 +/- 0
   Incoming Energy [29951.16287613425, 32223.64033036207)
     Total Material
       Flux                                 0 +/- 0
   Incoming Energy [32223.64033036207, 34668.536925754204)
     Total Material
       Flux                                 0 +/- 0
   Incoming Energy [34668.536925754204, 37298.93457878222)
     Total Material
       Flux                                 0 +/- 0
   Incoming Energy [37298.93457878222, 40128.90776705332)
     Total Material
       Flux                                 0 +/- 0
   Incoming Energy [40128.90776705332, 43173.598837665566)
     Total Material
       Flux                                 0 +/- 0
   Incoming Energy [43173.598837665566, 46449.29902941509)
     Total Material
       Flux                                 0 +/- 0
   Incoming Energy [46449.29902941509, 49973.5356423828)
     Total Material
       Flux                                 0 +/- 0
   Incoming Energy [49973.5356423828, 53765.16582131847)
     Total Material
       Flux                                 0 +/- 0
   Incoming Energy [53765.16582131847, 57844.477454628104)
     Total Material
       Flux                                 0 +/- 0
   Incoming Energy [57844.477454628104, 62233.297728847836)
     Total Material
       Flux                                 0 +/- 0
   Incoming Energy [62233.297728847836, 66955.10991944387)
     Total Material
       Flux                                 0 +/- 0
   Incoming Energy [66955.10991944387, 72035.17904285413)
     Total Material
       Flux                                 0 +/- 0
   Incoming Energy [72035.17904285413, 77500.68704209756)
     Total Material
       Flux                                 0 +/- 0
   Incoming Energy [77500.68704209756, 83380.87822928758)
     Total Material
       Flux                                 0 +/- 0
   Incoming Energy [83380.87822928758, 89707.21576327208)
     Total Material
       Flux                                 0 +/- 0
   Incoming Energy [89707.21576327208, 96513.54999966428)
     Total Material
       Flux                                 0 +/- 0
   Incoming Energy [96513.54999966428, 103836.29961405367)
     Total Material
       Flux                                 0 +/- 0
   Incoming Energy [103836.29961405367, 111714.64646753798)
     Total Material
       Flux                                 0 +/- 0
   Incoming Energy [111714.64646753798, 120190.74525723829)
     Total Material
       Flux                                 0 +/- 0
   Incoming Energy [120190.74525723829, 129309.9490735799)
     Total Material
       Flux                                 0 +/- 0
   Incoming Energy [129309.9490735799, 139121.05207122728)
     Total Material
       Flux                                 0 +/- 0
   Incoming Energy [139121.05207122728, 149676.55055213076)
     Total Material
       Flux                                 0 +/- 0
   Incoming Energy [149676.55055213076, 161032.92385766725)
     Total Material
       Flux                                 0 +/- 0
   Incoming Energy [161032.92385766725, 173250.9365728442)
     Total Material
       Flux                                 0 +/- 0
   Incoming Energy [173250.9365728442, 186395.96365956773)
     Total Material
       Flux                                 0 +/- 0
   Incoming Energy [186395.96365956773, 200538.34025867312)
     Total Material
       Flux                                 0 +/- 0
   Incoming Energy [200538.34025867312, 215753.73803240166)
     Total Material
       Flux                                 0 +/- 0
   Incoming Energy [215753.73803240166, 232123.57006101715)
     Total Material
       Flux                                 0 +/- 0
   Incoming Energy [232123.57006101715, 249735.4264600504)
     Total Material
       Flux                                 0 +/- 0
   Incoming Energy [249735.4264600504, 268683.543049028)
     Total Material
       Flux                                 0 +/- 0
   Incoming Energy [268683.543049028, 289069.3055793872)
     Total Material
       Flux                                 0 +/- 0
   Incoming Energy [289069.3055793872, 311001.7922195598)
     Total Material
       Flux                                 0 +/- 0
   Incoming Energy [311001.7922195598, 334598.35719989863)
     Total Material
       Flux                                 0 +/- 0
   Incoming Energy [334598.35719989863, 359985.2587403505)
     Total Material
       Flux                                 0 +/- 0
   Incoming Energy [359985.2587403505, 387298.3346207417)
     Total Material
       Flux                                 0 +/- 0
   Incoming Energy [387298.3346207417, 416683.7290084483)
     Total Material
       Flux                                 0 +/- 0
   Incoming Energy [416683.7290084483, 448298.6744324801)
     Total Material
       Flux                                 0 +/- 0
   Incoming Energy [448298.6744324801, 482312.3330881117)
     Total Material
       Flux                                 0 +/- 0
   Incoming Energy [482312.3330881117, 518906.7019736051)
     Total Material
       Flux                                 0 +/- 0
   Incoming Energy [518906.7019736051, 558277.5867021703)
     Total Material
       Flux                                 0 +/- 0
   Incoming Energy [558277.5867021703, 600635.6491997149)
     Total Material
       Flux                                 0 +/- 0
   Incoming Energy [600635.6491997149, 646207.5348943251)
     Total Material
       Flux                                 0 +/- 0
   Incoming Energy [646207.5348943251, 695237.0854287271)
     Total Material
       Flux                                 0 +/- 0
   Incoming Energy [695237.0854287271, 747986.6433845817)
     Total Material
       Flux                                 0 +/- 0
   Incoming Energy [747986.6433845817, 804738.455999825)
     Total Material
       Flux                                 0 +/- 0
   Incoming Energy [804738.455999825, 865796.1853899232)
     Total Material
       Flux                                 0 +/- 0
   Incoming Energy [865796.1853899232, 931486.5333537697)
     Total Material
       Flux                                 0 +/- 0
   Incoming Energy [931486.5333537697, 1002160.989458109)
     Total Material
       Flux                                 0 +/- 0
   Incoming Energy [1002160.989458109, 1078197.7117539546)
     Total Material
       Flux                                 0 +/- 0
   Incoming Energy [1078197.7117539546, 1160003.5501881381)
     Total Material
       Flux                                 0 +/- 0
   Incoming Energy [1160003.5501881381, 1248016.2235366998)
     Total Material
       Flux                                 0 +/- 0
   Incoming Energy [1248016.2235366998, 1342706.6615082293)
     Total Material
       Flux                                 0 +/- 0
   Incoming Energy [1342706.6615082293, 1444581.5245490351)
     Total Material
       Flux                                 0 +/- 0
   Incoming Energy [1444581.5245490351, 1554185.91483291)
     Total Material
       Flux                                 0 +/- 0
   Incoming Energy [1554185.91483291, 1672106.2929411863)
     Total Material
       Flux                                 0 +/- 0
   Incoming Energy [1672106.2929411863, 1798973.6158393298)
     Total Material
       Flux                                 0 +/- 0
   Incoming Energy [1798973.6158393298, 1935466.7129405136)
     Total Material
       Flux                                 0 +/- 0
   Incoming Energy [1935466.7129405136, 2082315.9183204668)
     Total Material
       Flux                                 0 +/- 0
   Incoming Energy [2082315.9183204668, 2240306.9785184553)
     Total Material
       Flux                                 0 +/- 0
   Incoming Energy [2240306.9785184553, 2410285.2568339556)
     Total Material
       Flux                                 0 +/- 0
   Incoming Energy [2410285.2568339556, 2593160.2566149263)
     Total Material
       Flux                                 0 +/- 0
   Incoming Energy [2593160.2566149263, 2789910.4877404417)
     Total Material
       Flux                                 0 +/- 0
   Incoming Energy [2789910.4877404417, 3001588.7023367686)
     Total Material
       Flux                                 0 +/- 0
   Incoming Energy [3001588.7023367686, 3229327.527741788)
     Total Material
       Flux                                 0 +/- 0
   Incoming Energy [3229327.527741788, 3474345.5268578827)
     Total Material
       Flux                                 0 +/- 0
   Incoming Energy [3474345.5268578827, 3737953.7183205667)
     Total Material
       Flux                                 0 +/- 0
   Incoming Energy [3737953.7183205667, 4021562.591370336)
     Total Material
       Flux                                 0 +/- 0
   Incoming Energy [4021562.591370336, 4326689.6529622385)
     Total Material
       Flux                                 0 +/- 0
   Incoming Energy [4326689.6529622385, 4654967.54749542)
     Total Material
       Flux                                 0 +/- 0
   Incoming Energy [4654967.54749542, 5008152.7926090425)
     Total Material
       Flux                                 0 +/- 0
   Incoming Energy [5008152.7926090425, 5388135.177787183)
     Total Material
       Flux                                 0 +/- 0
   Incoming Energy [5388135.177787183, 5796947.876061751)
     Total Material
       Flux                                 0 +/- 0
   Incoming Energy [5796947.876061751, 6236778.322918324)
     Total Material
       Flux                                 0 +/- 0
   Incoming Energy [6236778.322918324, 6709979.920614632)
     Total Material
       Flux                                 0 +/- 0
   Incoming Energy [6709979.920614632, 7219084.630537888)
     Total Material
       Flux                                 0 +/- 0
   Incoming Energy [7219084.630537888, 7766816.520979174)
     Total Material
       Flux                                 0 +/- 0
   Incoming Energy [7766816.520979174, 8356106.342814895)
     Total Material
       Flux                                 0 +/- 0
   Incoming Energy [8356106.342814895, 8990107.2110853)
     Total Material
       Flux                                 0 +/- 0
   Incoming Energy [8990107.2110853, 9672211.476377824)
     Total Material
       Flux                                 0 +/- 0
   Incoming Energy [9672211.476377824, 10406068.87628889)
     Total Material
       Flux                                 0 +/- 0
   Incoming Energy [10406068.87628889, 11195606.064087095)
     Total Material
       Flux                                 0 +/- 0
   Incoming Energy [11195606.064087095, 12045047.619070146)
     Total Material
       Flux                                 0 +/- 0
   Incoming Energy [12045047.619070146, 12958938.65103568)
     Total Material
       Flux                                 0 +/- 0
   Incoming Energy [12958938.65103568, 13942169.119815454)
     Total Material
       Flux                                 0 +/- 0
   Incoming Energy [13942169.119815454, 15000000.000000004)
     Total Material
       Flux                                 0 +/- 0
 =================>     TALLY 5: TRANSMITTED_SPECTRUM     <=================

 Surface 2
   Incoming Energy [10000, 10758.72762056883)
     Total Material
       Current                              0 +/- 0
   Incoming Energy [10758.72762056883, 11575.02200135904)
     Total Material
       Current                              0.0001 +/- 0.0001
   Incoming Energy [11575.02200135904, 12453.25089147134)
     Total Material
       Current                              0 +/- 0
   Incoming Energy [12453.25089147134, 13398.11343319461)
     Total Material
       Current                              0 +/- 0
   Incoming Energy [13398.11343319461, 14414.665305722483)
     Total Material
       Current                              0.0001 +/- 0.0001
   Incoming Energy [14414.665305722483, 15508.345776593173)
     Total Material
       Current                              0 +/- 0
   Incoming Energy [15508.345776593173, 16685.00680559646)
     Total Material
       Current                              0 +/- 0
   Incoming Energy [16685.00680559646, 17950.944356874952)
     Total Material
       Current                              0 +/- 0
   Incoming Energy [17950.944356874952, 19312.932086760473)
     Total Material
       Current                              0.0001 +/- 0.0001
   Incoming Energy [19312.932086760473, 20778.257587599946)
     Total Material
       Current                              0 +/- 0
   Incoming Energy [20778.257587599946, 22354.761381500542)
     Total Material
       Current                              0 +/- 0
   Incoming Energy [22354.761381500542, 24050.878872637528)
     Total Material
       Current                              0 +/- 0
   Incoming Energy [24050.878872637528, 25875.685482600016)
     Total Material
       Current                              0 +/- 0
   Incoming Energy [25875.685482600016, 27838.94521028007)
     Total Material
       Current                              0 +/- 0
   Incoming Energy [27838.94521028007, 29951.16287613425)
     Total Material
       Current                              0 +/- 0
   Incoming Energy [29951.16287613425, 32223.64033036207)
     Total Material
       Current                              0 +/- 0
   Incoming Energy [32223.64033036207, 34668.536925754204)
     Total Material
       Current                              0 +/- 0
   Incoming Energy [34668.536925754204, 37298.93457878222)
     Total Material
       Current                              0.0002 +/- 0.000133333
   Incoming Energy [37298.93457878222, 40128.90776705332)
     Total Material
       Current                              0 +/- 0
   Incoming Energy [40128.90776705332, 43173.598837665566)
     Total Material
       Current                              0.0002 +/- 0.000133333
   Incoming Energy [43173.598837665566, 46449.29902941509)
     Total Material
       Current                              0 +/- 0
   Incoming Energy [46449.29902941509, 49973.5356423828)
     Total Material
       Current                              0.0002 +/- 0.000133333
   Incoming Energy [49973.5356423828, 53765.16582131847)
     Total Material
       Current                              0.0002 +/- 0.000133333
   Incoming Energy [53765.16582131847, 57844.477454628104)
     Total Material
       Current                              0.0002 +/- 0.0002
   Incoming Energy [57844.477454628104, 62233.297728847836)
     Total Material
       Current                              0.0002 +/- 0.000133333
   Incoming Energy [62233.297728847836, 66955.10991944387)
     Total Material
       Current                              0.0002 +/- 0.000133333
   Incoming Energy [66955.10991944387, 72035.17904285413)
     Total Material
       Current                              0.0003 +/- 0.000213437
   Incoming Energy [72035.17904285413, 77500.68704209756)
     Total Material
       Current                              0.0002 +/- 0.000133333
   Incoming Energy [77500.68704209756, 83380.87822928758)
     Total Material
       Current                              0.0003 +/- 0.000213437
   Incoming Energy [83380.87822928758, 89707.21576327208)
     Total Material
       Current                              0.0002 +/- 0.000133333
   Incoming Energy [89707.21576327208, 96513.54999966428)
     Total Material
       Current                              0.0002 +/- 0.000133333
   Incoming Energy [96513.54999966428, 103836.29961405367)
     Total Material
       Current                              0.0002 +/- 0.000133333
   Incoming Energy [103836.29961405367, 111714.64646753798)
     Total Material
       Current                              0.0004 +/- 0.000163299
   Incoming Energy [111714.64646753798, 120190.74525723829)
     Total Material
       Current                              0.0002 +/- 0.000133333
   Incoming Energy [120190.74525723829, 129309.9490735799)
     Total Material
       Current                              0.0003 +/- 0.000152753
   Incoming Energy [129309.9490735799, 139121.05207122728)
     Total Material
       Current                              0.0001 +/- 0.0001
   Incoming Energy [139121.05207122728, 149676.55055213076)
     Total Material
       Current                              0.0004 +/- 0.000163299
   Incoming Energy [149676.55055213076, 161032.92385766725)
     Total Material
       Current                              0.0006 +/- 0.000266667
   Incoming Energy [161032.92385766725, 173250.9365728442)
     Total Material
       Current                              0.0002 +/- 0.000133333
   Incoming Energy [173250.9365728442, 186395.96365956773)
     Total Material
       Current                              0.0003 +/- 0.000152753
   Incoming Energy [186395.96365956773, 200538.34025867312)
     Total Material
       Current                              0.0002 +/- 0.000133333
   Incoming Energy [200538.34025867312, 215753.73803240166)
     Total Material
       Current                              0.0005 +/- 0.000307318
   Incoming Energy [215753.73803240166, 232123.57006101715)
     Total Material
       Current                              0.0003 +/- 0.0003
   Incoming Energy [232123.57006101715, 249735.4264600504)
     Total Material
       Current                              0.0001 +/- 0.0001
   Incoming Energy [249735.4264600504, 268683.543049028)
     Total Material
       Current                              0.0003 +/- 0.000152753
   Incoming Energy [268683.543049028, 289069.3055793872)
     Total Material
       Current                              0.0006 +/- 0.000221108
   Incoming Energy [289069.3055793872, 311001.7922195598)
     Total Material
       Current                              0.0002 +/- 0.000133333
   Incoming Energy [311001.7922195598, 334598.35719989863)
     Total Material
       Current                              0.0003 +/- 0.000213437
   Incoming Energy [334598.35719989863, 359985.2587403505)
     Total Material
       Current                              0.0003 +/- 0.000152753
   Incoming Energy [359985.2587403505, 387298.3346207417)
     Total Material
       Current                              0.0005 +/- 0.000166667
   Incoming Energy [387298.3346207417, 416683.7290084483)
     Total Material
       Current                              0.0001 +/- 0.0001
   Incoming Energy [416683.7290084483, 448298.6744324801)
     Total Material
       Current                              0.0005 +/- 0.000166667
   Incoming Energy [448298.6744324801, 482312.3330881117)
     Total Material
       Current                              0.0003 +/- 0.000213437
   Incoming Energy [482312.3330881117, 518906.7019736051)
     Total Material
       Current                              0.0003 +/- 0.000213437
   Incoming Energy [518906.7019736051, 558277.5867021703)
     Total Material
       Current                              0.0002 +/- 0.000133333
   Incoming Energy [558277.5867021703, 600635.6491997149)
     Total Material
       Current                              0.0002 +/- 0.0002
   Incoming Energy [600635.6491997149, 646207.5348943251)
     Total Material
       Current                              0.0004 +/- 0.000163299
   Incoming Energy [646207.5348943251, 695237.0854287271)
     Total Material
       Current                              0.0003 +/- 0.000152753
   Incoming Energy [695237.0854287271, 747986.6433845817)
     Total Material
       Current                              0.0005 +/- 0.000223607
   Incoming Energy [747986.6433845817, 804738.455999825)
     Total Material
       Current                              0.0004 +/- 0.000221108
   Incoming Energy [804738.455999825, 865796.1853899232)
     Total Material
       Current                              0.0002 +/- 0.000133333
   Incoming Energy [865796.1853899232, 931486.5333537697)
     Total Material
       Current                              0.0007 +/- 0.000334996
   Incoming Energy [931486.5333537697, 1002160.989458109)
     Total Material
       Current                              0.0002 +/- 0.0002
   Incoming Energy [1002160.989458109, 1078197.7117539546)
     Total Material
       Current                              0.0002 +/- 0.0002
   Incoming Energy [1078197.7117539546, 1160003.5501881381)
     Total Material
       Current                              0.0002 +/- 0.000133333
   Incoming Energy [1160003.5501881381, 1248016.2235366998)
     Total Material
       Current                              0.0001 +/- 0.0001
   Incoming Energy [1248016.2235366998, 1342706.6615082293)
     Total Material
       Current                              0.0002 +/- 0.000133333
   Incoming Energy [1342706.6615082293, 1444581.5245490351)
     Total Material
       Current                              0.0002 +/- 0.000133333
   Incoming Energy [1444581.5245490351, 1554185.91483291)
     Total Material
       Current                              0 +/- 0
   Incoming Energy [1554185.91483291, 1672106.2929411863)
     Total Material
       Current                              0.0001 +/- 0.0001
   Incoming Energy [1672106.2929411863, 1798973.6158393298)
     Total Material
       Current                              0.0004 +/- 0.000221108
   Incoming Energy [1798973.6158393298, 1935466.7129405136)
     Total Material
       Current                              0 +/- 0
   Incoming Energy [1935466.7129405136, 2082315.9183204668)
     Total Material
       Current                              0 +/- 0
   Incoming Energy [2082315.9183204668, 2240306.9785184553)
     Total Material
       Current                              0 +/- 0
   Incoming Energy [2240306.9785184553, 2410285.2568339556)
     Total Material
       Current                              0.0001 +/- 0.0001
   Incoming Energy [2410285.2568339556, 2593160.2566149263)
     Total Material
       Current                              0.0003 +/- 0.000213437
   Incoming Energy [2593160.2566149263, 2789910.4877404417)
     Total Material
       Current                              0.0001 +/- 0.0001
   Incoming Energy [2789910.4877404417, 3001588.7023367686)
     Total Material
       Current                              0 +/- 0
   Incoming Energy [3001588.7023367686, 3229327.527741788)
     Total Material
       Current                              0 +/- 0
   Incoming Energy [3229327.527741788, 3474345.5268578827)
     Total Material
       Current                              0.0001 +/- 0.0001
   Incoming Energy [3474345.5268578827, 3737953.7183205667)
     Total Material
       Current                              0.0001 +/- 0.0001
   Incoming Energy [3737953.7183205667, 4021562.591370336)
     Total Material
       Current                              0 +/- 0
   Incoming Energy [4021562.591370336, 4326689.6529622385)
     Total Material
       Current                              0 +/- 0
   Incoming Energy [4326689.6529622385, 4654967.54749542)
     Total Material
       Current                              0.0001 +/- 0.0001
   Incoming Energy [4654967.54749542, 5008152.7926090425)
     Total Material
       Current                              0 +/- 0
   Incoming Energy [5008152.7926090425, 5388135.177787183)
     Total Material
       Current                              0.0001 +/- 0.0001
   Incoming Energy [5388135.177787183, 5796947.876061751)
     Total Material
       Current                              0 +/- 0
   Incoming Energy [5796947.876061751, 6236778.322918324)
     Total Material
       Current                              0 +/- 0
   Incoming Energy [6236778.322918324, 6709979.920614632)
     Total Material
       Current                              0 +/- 0
   Incoming Energy [6709979.920614632, 7219084.630537888)
     Total Material
       Current                              0.0001 +/- 0.0001
   Incoming Energy [7219084.630537888, 7766816.520979174)
     Total Material
       Current                              0.0001 +/- 0.0001
   Incoming Energy [7766816.520979174, 8356106.342814895)
     Total Material
       Current                              0.0001 +/- 0.0001
   Incoming Energy [8356106.342814895, 8990107.2110853)
     Total Material
       Current                              0.0001 +/- 0.0001
   Incoming Energy [8990107.2110853, 9672211.476377824)
     Total Material
       Current                              0 +/- 0
   Incoming Energy [9672211.476377824, 10406068.87628889)
     Total Material
       Current                              0.0001 +/- 0.0001
   Incoming Energy [10406068.87628889, 11195606.064087095)
     Total Material
       Current                              0 +/- 0
   Incoming Energy [11195606.064087095, 12045047.619070146)
     Total Material
       Current                              0.0001 +/- 0.0001
   Incoming Energy [12045047.619070146, 12958938.65103568)
     Total Material
       Current                              0.0003 +/- 0.000213437
   Incoming Energy [12958938.65103568, 13942169.119815454)
     Total Material
       Current                              0 +/- 0
   Incoming Energy [13942169.119815454, 15000000.000000004)
     Total Material
       Current                              0.0097 +/- 0.0012741
 ================>     TALLY 6: TOTAL_FLUX_DETECTOR_1     <=================

 Cell 1
   Total Material
     Flux                                 0.0004093 +/- 0.000194651
 ================>     TALLY 7: TOTAL_FLUX_DETECTOR_2     <=================

 Cell 2
   Total Material
     Flux                                 0.000271686 +/- 8.37705e-05
 ================>     TALLY 8: TOTAL_FLUX_DETECTOR_3     <=================

 Cell 3
   Total Material
     Flux                                 0 +/- 0
 ================>     TALLY 9: TOTAL_FLUX_DETECTOR_4     <=================

 Cell 4
   Total Material
     Flux                                 0 +/- 0
