 ======================>     TALLY 1: PIN POWERS     <======================

 Mesh Index (1, 1)
   Total Material
     Fission Rate                         0.00198646 +/- 0.000174116
 Mesh Index (2, 1)
   Total Material
     Fission Rate                         0.00204338 +/- 9.18857e-05
 Mesh Index (3, 1)
   Total Material
     Fission Rate                         0.00190014 +/- 0.000103381
 Mesh Index (4, 1)
   Total Material
     Fission Rate                         0.00189843 +/- 8.3738e-05
 Mesh Index (5, 1)
   Total Material
     Fission Rate                         0.00194152 +/- 9.83746e-05
 Mesh Index (6, 1)
   Total Material
     Fission Rate                         0.002211 +/- 9.65605e-05
 Mesh Index (7, 1)
   Total Material
     Fission Rate                         0.00202564 +/- 7.06044e-05
 Mesh Index (8, 1)
   Total Material
     Fission Rate                         0.00196499 +/- 6.38061e-05
 Mesh Index (9, 1)
   Total Material
     Fission Rate                         0.00212523 +/- 0.000117979
 Mesh Index (10, 1)
   Total Material
     Fission Rate                         0.00204509 +/- 0.000117982
 Mesh Index (11, 1)
   Total Material
     Fission Rate                         0.00213263 +/- 0.000116364
 Mesh Index (12, 1)
   Total Material
     Fission Rate                         0.00218011 +/- 0.000146608
 Mesh Index (13, 1)
   Total Material
     Fission Rate                         0.00231419 +/- 0.000135915
 Mesh Index (14, 1)
   Total Material
     Fission Rate                         0.00190051 +/- 9.9466e-05
 Mesh Index (15, 1)
   Total Material
     Fission Rate                         0.0019684 +/- 8.47393e-05
 Mesh Index (16, 1)
   Total Material
     Fission Rate                         0.0020243 +/- 0.00013139
 Mesh Index (17, 1)
   Total Material
     Fission Rate                         0.00213041 +/- 0.000121587
 Mesh Index (1, 2)
   Total Material
     Fission Rate                         0.00214943 +/- 9.96893e-05
 Mesh Index (2, 2)
   Total Material
     Fission Rate                         0.00195299 +/- 6.81684e-05
 Mesh Index (3, 2)
   Total Material
     Fission Rate                         0.00211792 +/- 0.000143506
 Mesh Index (4, 2)
   Total Material
     Fission Rate                         0.0019418 +/- 0.000106079
 Mesh Index (5, 2)
   Total Material
     Fission Rate                         0.0018893 +/- 6.74856e-05
 Mesh Index (6, 2)
   Total Material
     Fission Rate                         0.00226805 +/- 0.000129255
 Mesh Index (7, 2)
   Total Material
     Fission Rate                         0.00213523 +/- 9.64352e-05
 Mesh Index (8, 2)
   Total Material
     Fission Rate                         0.00210537 +/- 7.96788e-05
 Mesh Index (9, 2)
   Total Material
     Fission Rate                         0.002235 +/- 8.69573e-05
 Mesh Index (10, 2)
   Total Material
     Fission Rate                         0.0019372 +/- 0.00011047
 Mesh Index (11, 2)
   Total Material
     Fission Rate                         0.00190854 +/- 0.00011
 Mesh Index (12, 2)
   Total Material
     Fission Rate                         0.0021388 +/- 9.75002e-05
 Mesh Index (13, 2)
   Total Material
     Fission Rate                         0.00217721 +/- 0.000132229
 Mesh Index (14, 2)
   Total Material
     Fission Rate                         0.00211565 +/- 0.000104856
 Mesh Index (15, 2)
   Total Material
     Fission Rate                         0.00196601 +/- 4.95013e-05
 Mesh Index (16, 2)
   Total Material
     Fission Rate                         0.00185004 +/- 0.000119692
 Mesh Index (17, 2)
   Total Material
     Fission Rate                         0.00202742 +/- 0.000133072
 Mesh Index (1, 3)
   Total Material
     Fission Rate                         0.0020416 +/- 0.00011201
 Mesh Index (2, 3)
   Total Material
     Fission Rate                         0.00209466 +/- 0.000144117
 Mesh Index (3, 3)
   Total Material
     Fission Rate                         0.00193194 +/- 0.000105629
 Mesh Index (4, 3)
   Total Material
     Fission Rate                         0.0020442 +/- 0.000129853
 Mesh Index (5, 3)
   Total Material
     Fission Rate                         0.00206214 +/- 0.000104494
 Mesh Index (6, 3)
   Total Material
     Fission Rate                         0 +/- 0
 Mesh Index (7, 3)
   Total Material
     Fission Rate                         0.00209419 +/- 0.000112409
 Mesh Index (8, 3)
   Total Material
     Fission Rate                         0.00214911 +/- 9.96725e-05
 Mesh Index (9, 3)
   Total Material
     Fission Rate                         0 +/- 0
 Mesh Index (10, 3)
   Total Material
     Fission Rate                         0.00223484 +/- 0.00010399
 Mesh Index (11, 3)
   Total Material
     Fission Rate                         0.00228055 +/- 6.80661e-05
 Mesh Index (12, 3)
   Total Material
     Fission Rate                         0 +/- 0
 Mesh Index (13, 3)
   Total Material
     Fission Rate                         0.00228981 +/- 0.00012928
 Mesh Index (14, 3)
   Total Material
     Fission Rate                         0.0022936 +/- 0.000116318
 Mesh Index (15, 3)
   Total Material
     Fission Rate                         0.00218914 +/- 8.86034e-05
 Mesh Index (16, 3)
   Total Material
     Fission Rate                         0.00194087 +/- 0.000113731
 Mesh Index (17, 3)
   Total Material
     Fission Rate                         0.0017697 +/- 0.000100553
 Mesh Index (1, 4)
   Total Material
     Fission Rate                         0.00190761 +/- 8.72043e-05
 Mesh Index (2, 4)
   Total Material
     Fission Rate                         0.00197957 +/- 9.60321e-05
 Mesh Index (3, 4)
   Total Material
     Fission Rate                         0.00215475 +/- 0.000102158
 Mesh Index (4, 4)
   Total Material
     Fission Rate                         0 +/- 0
 Mesh Index (5, 4)
   Total Material
     Fission Rate                         0.00227804 +/- 0.000108107
 Mesh Index (6, 4)
   Total Material
     Fission Rate                         0.00219472 +/- 0.000100037
 Mesh Index (7, 4)
   Total Material
     Fission Rate                         0.00212152 +/- 0.000112115
 Mesh Index (8, 4)
   Total Material
     Fission Rate                         0.00213476 +/- 0.00010132
 Mesh Index (9, 4)
   Total Material
     Fission Rate                         0.00228766 +/- 0.000135557
 Mesh Index (10, 4)
   Total Material
     Fission Rate                         0.00216932 +/- 0.000125061
 Mesh Index (11, 4)
   Total Material
     Fission Rate                         0.00206204 +/- 0.000102957
 Mesh Index (12, 4)
   Total Material
     Fission Rate                         0.00235452 +/- 0.000127619
 Mesh Index (13, 4)
   Total Material
     Fission Rate                         0.00232179 +/- 9.43848e-05
 Mesh Index (14, 4)
   Total Material
     Fission Rate                         0 +/- 0
 Mesh Index (15, 4)
   Total Material
     Fission Rate                         0.00210635 +/- 9.82726e-05
 Mesh Index (16, 4)
   Total Material
     Fission Rate                         0.00203574 +/- 9.50672e-05
 Mesh Index (17, 4)
   Total Material
     Fission Rate                         0.00186694 +/- 0.000147764
 Mesh Index (1, 5)
   Total Material
     Fission Rate                         0.00187427 +/- 0.000119953
 Mesh Index (2, 5)
   Total Material
     Fission Rate                         0.00198174 +/- 6.60407e-05
 Mesh Index (3, 5)
   Total Material
     Fission Rate                         0.00213484 +/- 0.000103898
 Mesh Index (4, 5)
   Total Material
     Fission Rate                         0.00213958 +/- 9.88259e-05
 Mesh Index (5, 5)
   Total Material
     Fission Rate                         0.0022543 +/- 0.000131634
 Mesh Index (6, 5)
   Total Material
     Fission Rate                         0.00222919 +/- 0.000105831
 Mesh Index (7, 5)
   Total Material
     Fission Rate                         0.0021671 +/- 0.000124514
 Mesh Index (8, 5)
   Total Material
     Fission Rate                         0.00210199 +/- 0.000107257
 Mesh Index (9, 5)
   Total Material
     Fission Rate                         0.00221286 +/- 0.000109246
 Mesh Index (10, 5)
   Total Material
     Fission Rate                         0.0023393 +/- 0.000119539
 Mesh Index (11, 5)
   Total Material
     Fission Rate                         0.00214665 +/- 7.34782e-05
 Mesh Index (12, 5)
   Total Material
     Fission Rate                         0.00219817 +/- 7.78154e-05
 Mesh Index (13, 5)
   Total Material
     Fission Rate                         0.00232411 +/- 0.000125617
 Mesh Index (14, 5)
   Total Material
     Fission Rate                         0.00228161 +/- 0.000121845
 Mesh Index (15, 5)
   Total Material
     Fission Rate                         0.00224537 +/- 0.000135176
 Mesh Index (16, 5)
   Total Material
     Fission Rate                         0.00211943 +/- 0.000102724
 Mesh Index (17, 5)
   Total Material
     Fission Rate                         0.00190838 +/- 9.26766e-05
 Mesh Index (1, 6)
   Total Material
     Fission Rate                         0.00180937 +/- 9.33936e-05
 Mesh Index (2, 6)
   Total Material
     Fission Rate                         0.00200987 +/- 0.000118351
 Mesh Index (3, 6)
   Total Material
     Fission Rate                         0 +/- 0
 Mesh Index (4, 6)
   Total Material
     Fission Rate                         0.00187479 +/- 8.20591e-05
 Mesh Index (5, 6)
   Total Material
     Fission Rate                         0.00214451 +/- 0.000109116
 Mesh Index (6, 6)
   Total Material
     Fission Rate                         0 +/- 0
 Mesh Index (7, 6)
   Total Material
     Fission Rate                         0.00243 +/- 0.000102782
 Mesh Index (8, 6)
   Total Material
     Fission Rate                         0.00235112 +/- 0.000118722
 Mesh Index (9, 6)
   Total Material
     Fission Rate                         0 +/- 0
 Mesh Index (10, 6)
   Total Material
     Fission Rate                         0.00244755 +/- 0.000114781
 Mesh Index (11, 6)
   Total Material
     Fission Rate                         0.00236647 +/- 0.000118412
 Mesh Index (12, 6)
   Total Material
     Fission Rate                         0 +/- 0
 Mesh Index (13, 6)
   Total Material
     Fission Rate                         0.00227289 +/- 9.5098e-05
 Mesh Index (14, 6)
   Total Material
     Fission Rate                         0.00203318 +/- 5.28131e-05
 Mesh Index (15, 6)
   Total Material
     Fission Rate                         0 +/- 0
 Mesh Index (16, 6)
   Total Material
     Fission Rate                         0.00188827 +/- 9.38555e-05
 Mesh Index (17, 6)
   Total Material
     Fission Rate                         0.00191241 +/- 8.06983e-05
 Mesh Index (1, 7)
   Total Material
     Fission Rate                         0.00187142 +/- 9.90521e-05
 Mesh Index (2, 7)
   Total Material
     Fission Rate                         0.00219886 +/- 0.000125616
 Mesh Index (3, 7)
   Total Material
     Fission Rate                         0.00193161 +/- 8.69102e-05
 Mesh Index (4, 7)
   Total Material
     Fission Rate                         0.00216431 +/- 0.000126408
 Mesh Index (5, 7)
   Total Material
     Fission Rate                         0.00216811 +/- 7.94908e-05
 Mesh Index (6, 7)
   Total Material
     Fission Rate                         0.00214979 +/- 0.000106887
 Mesh Index (7, 7)
   Total Material
     Fission Rate                         0.00196164 +/- 8.51052e-05
 Mesh Index (8, 7)
   Total Material
     Fission Rate                         0.00217281 +/- 0.000131433
 Mesh Index (9, 7)
   Total Material
     Fission Rate                         0.00219938 +/- 0.000113869
 Mesh Index (10, 7)
   Total Material
     Fission Rate                         0.00209756 +/- 0.000100169
 Mesh Index (11, 7)
   Total Material
     Fission Rate                         0.00215727 +/- 6.42051e-05
 Mesh Index (12, 7)
   Total Material
     Fission Rate                         0.00201077 +/- 8.01111e-05
 Mesh Index (13, 7)
   Total Material
     Fission Rate                         0.00194177 +/- 6.26497e-05
 Mesh Index (14, 7)
   Total Material
     Fission Rate                         0.00207818 +/- 5.80303e-05
 Mesh Index (15, 7)
   Total Material
     Fission Rate                         0.00209529 +/- 0.000104493
 Mesh Index (16, 7)
   Total Material
     Fission Rate                         0.00210138 +/- 9.311e-05
 Mesh Index (17, 7)
   Total Material
     Fission Rate                         0.00209857 +/- 0.000139675
 Mesh Index (1, 8)
   Total Material
     Fission Rate                         0.00195133 +/- 0.000107813
 Mesh Index (2, 8)
   Total Material
     Fission Rate                         0.00211255 +/- 0.000101127
 Mesh Index (3, 8)
   Total Material
     Fission Rate                         0.00213666 +/- 5.2178e-05
 Mesh Index (4, 8)
   Total Material
     Fission Rate                         0.00227495 +/- 0.000119334
 Mesh Index (5, 8)
   Total Material
     Fission Rate                         0.00232677 +/- 0.000136353
 Mesh Index (6, 8)
   Total Material
     Fission Rate                         0.00222936 +/- 0.000103441
 Mesh Index (7, 8)
   Total Material
     Fission Rate                         0.00200436 +/- 8.46508e-05
 Mesh Index (8, 8)
   Total Material
     Fission Rate                         0.00214715 +/- 0.000106456
 Mesh Index (9, 8)
   Total Material
     Fission Rate                         0.00233607 +/- 0.000131097
 Mesh Index (10, 8)
   Total Material
     Fission Rate                         0.0022408 +/- 6.58885e-05
 Mesh Index (11, 8)
   Total Material
     Fission Rate                         0.00215043 +/- 0.000112149
 Mesh Index (12, 8)
   Total Material
     Fission Rate                         0.00220512 +/- 9.80648e-05
 Mesh Index (13, 8)
   Total Material
     Fission Rate                         0.00206402 +/- 8.16826e-05
 Mesh Index (14, 8)
   Total Material
     Fission Rate                         0.00212307 +/- 8.68191e-05
 Mesh Index (15, 8)
   Total Material
     Fission Rate                         0.00234049 +/- 0.000102954
 Mesh Index (16, 8)
   Total Material
     Fission Rate                         0.00222752 +/- 0.000127841
 Mesh Index (17, 8)
   Total Material
     Fission Rate                         0.00215101 +/- 0.000151831
 Mesh Index (1, 9)
   Total Material
     Fission Rate                         0.00216112 +/- 0.000123113
 Mesh Index (2, 9)
   Total Material
     Fission Rate                         0.00230626 +/- 0.000109812
 Mesh Index (3, 9)
   Total Material
     Fission Rate                         0 +/- 0
 Mesh Index (4, 9)
   Total Material
     Fission Rate                         0.00205412 +/- 0.000104404
 Mesh Index (5, 9)
   Total Material
     Fission Rate                         0.00223765 +/- 0.000107092
 Mesh Index (6, 9)
   Total Material
     Fission Rate                         0 +/- 0
 Mesh Index (7, 9)
   Total Material
     Fission Rate                         0.00230493 +/- 0.000150821
 Mesh Index (8, 9)
   Total Material
     Fission Rate                         0.00211417 +/- 0.000109459
 Mesh Index (9, 9)
   Total Material
     Fission Rate                         0 +/- 0
 Mesh Index (10, 9)
   Total Material
     Fission Rate                         0.00233443 +/- 0.000130662
 Mesh Index (11, 9)
   Total Material
     Fission Rate                         0.00222626 +/- 0.000121376
 Mesh Index (12, 9)
   Total Material
     Fission Rate                         0 +/- 0
 Mesh Index (13, 9)
   Total Material
     Fission Rate                         0.00216035 +/- 0.000141653
 Mesh Index (14, 9)
   Total Material
     Fission Rate                         0.00218797 +/- 6.55455e-05
 Mesh Index (15, 9)
   Total Material
     Fission Rate                         0 +/- 0
 Mesh Index (16, 9)
   Total Material
     Fission Rate                         0.00212537 +/- 8.68052e-05
 Mesh Index (17, 9)
   Total Material
     Fission Rate                         0.00214714 +/- 8.98097e-05
 Mesh Index (1, 10)
   Total Material
     Fission Rate                         0.00210079 +/- 0.000126279
 Mesh Index (2, 10)
   Total Material
     Fission Rate                         0.00216497 +/- 0.000115022
 Mesh Index (3, 10)
   Total Material
     Fission Rate                         0.00210427 +/- 0.000132646
 Mesh Index (4, 10)
   Total Material
     Fission Rate                         0.00195293 +/- 9.96278e-05
 Mesh Index (5, 10)
   Total Material
     Fission Rate                         0.00210945 +/- 0.000112078
 Mesh Index (6, 10)
   Total Material
     Fission Rate                         0.00212823 +/- 0.000120937
 Mesh Index (7, 10)
   Total Material
     Fission Rate                         0.00190571 +/- 0.000117036
 Mesh Index (8, 10)
   Total Material
     Fission Rate                         0.00207337 +/- 9.39052e-05
 Mesh Index (9, 10)
   Total Material
     Fission Rate                         0.00216243 +/- 8.02645e-05
 Mesh Index (10, 10)
   Total Material
     Fission Rate                         0.00219195 +/- 0.000100509
 Mesh Index (11, 10)
   Total Material
     Fission Rate                         0.00229318 +/- 0.000112694
 Mesh Index (12, 10)
   Total Material
     Fission Rate                         0.00227441 +/- 7.74254e-05
 Mesh Index (13, 10)
   Total Material
     Fission Rate                         0.0020673 +/- 0.000106908
 Mesh Index (14, 10)
   Total Material
     Fission Rate                         0.00219876 +/- 0.000129297
 Mesh Index (15, 10)
   Total Material
     Fission Rate                         0.00236917 +/- 0.000113094
 Mesh Index (16, 10)
   Total Material
     Fission Rate                         0.00206946 +/- 0.000128968
 Mesh Index (17, 10)
   Total Material
     Fission Rate                         0.00206362 +/- 7.16867e-05
 Mesh Index (1, 11)
   Total Material
     Fission Rate                         0.00205116 +/- 0.000105297
 Mesh Index (2, 11)
   Total Material
     Fission Rate                         0.00215153 +/- 7.1888e-05
 Mesh Index (3, 11)
   Total Material
     Fission Rate                         0.00196177 +/- 8.64365e-05
 Mesh Index (4, 11)
   Total Material
     Fission Rate                         0.00206443 +/- 6.63675e-05
 Mesh Index (5, 11)
   Total Material
     Fission Rate                         0.00204021 +/- 8.12611e-05
 Mesh Index (6, 11)
   Total Material
     Fission Rate                         0.00212568 +/- 0.000102485
 Mesh Index (7, 11)
   Total Material
     Fission Rate                         0.00194303 +/- 0.000100849
 Mesh Index (8, 11)
   Total Material
     Fission Rate                         0.00206848 +/- 8.52542e-05
 Mesh Index (9, 11)
   Total Material
     Fission Rate                         0.00203459 +/- 0.000103112
 Mesh Index (10, 11)
   Total Material
     Fission Rate                         0.00219791 +/- 9.87401e-05
 Mesh Index (11, 11)
   Total Material
     Fission Rate                         0.00204975 +/- 8.86136e-05
 Mesh Index (12, 11)
   Total Material
     Fission Rate                         0.002176 +/- 0.00013072
 Mesh Index (13, 11)
   Total Material
     Fission Rate                         0.00214229 +/- 0.000120126
 Mesh Index (14, 11)
   Total Material
     Fission Rate                         0.0021469 +/- 0.000132364
 Mesh Index (15, 11)
   Total Material
     Fission Rate                         0.00216488 +/- 0.000103874
 Mesh Index (16, 11)
   Total Material
     Fission Rate                         0.00215505 +/- 8.68182e-05
 Mesh Index (17, 11)
   Total Material
     Fission Rate                         0.00217471 +/- 8.2977e-05
 Mesh Index (1, 12)
   Total Material
     Fission Rate                         0.00210226 +/- 9.96063e-05
 Mesh Index (2, 12)
   Total Material
     Fission Rate                         0.00229779 +/- 0.000116932
 Mesh Index (3, 12)
   Total Material
     Fission Rate                         0 +/- 0
 Mesh Index (4, 12)
   Total Material
     Fission Rate                         0.00222754 +/- 8.06573e-05
 Mesh Index (5, 12)
   Total Material
     Fission Rate                         0.00218814 +/- 0.000108228
 Mesh Index (6, 12)
   Total Material
     Fission Rate                         0 +/- 0
 Mesh Index (7, 12)
   Total Material
     Fission Rate                         0.00202843 +/- 8.94196e-05
 Mesh Index (8, 12)
   Total Material
     Fission Rate                         0.00216398 +/- 8.84447e-05
 Mesh Index (9, 12)
   Total Material
     Fission Rate                         0 +/- 0
 Mesh Index (10, 12)
   Total Material
     Fission Rate                         0.00223663 +/- 0.000143736
 Mesh Index (11, 12)
   Total Material
     Fission Rate                         0.00220971 +/- 9.39583e-05
 Mesh Index (12, 12)
   Total Material
     Fission Rate                         0 +/- 0
 Mesh Index (13, 12)
   Total Material
     Fission Rate                         0.00218929 +/- 0.000113188
 Mesh Index (14, 12)
   Total Material
     Fission Rate                         0.00236456 +/- 0.000104952
 Mesh Index (15, 12)
   Total Material
     Fission Rate                         0 +/- 0
 Mesh Index (16, 12)
   Total Material
     Fission Rate                         0.00214977 +/- 7.83155e-05
 Mesh Index (17, 12)
   Total Material
     Fission Rate                         0.00210557 +/- 7.8518e-05
 Mesh Index (1, 13)
   Total Material
     Fission Rate                         0.00217838 +/- 0.000121388
 Mesh Index (2, 13)
   Total Material
     Fission Rate                         0.0024522 +/- 0.000162274
 Mesh Index (3, 13)
   Total Material
     Fission Rate                         0.00212962 +/- 0.000117231
 Mesh Index (4, 13)
   Total Material
     Fission Rate                         0.00218164 +/- 0.000122609
 Mesh Index (5, 13)
   Total Material
     Fission Rate                         0.00217318 +/- 8.40663e-05
 Mesh Index (6, 13)
   Total Material
     Fission Rate                         0.00208998 +/- 0.000108075
 Mesh Index (7, 13)
   Total Material
     Fission Rate                         0.00214916 +/- 8.75727e-05
 Mesh Index (8, 13)
   Total Material
     Fission Rate                         0.00201716 +/- 9.7355e-05
 Mesh Index (9, 13)
   Total Material
     Fission Rate                         0.00224471 +/- 0.000122017
 Mesh Index (10, 13)
   Total Material
     Fission Rate                         0.0021613 +/- 0.000120141
 Mesh Index (11, 13)
   Total Material
     Fission Rate                         0.00208767 +/- 9.57941e-05
 Mesh Index (12, 13)
   Total Material
     Fission Rate                         0.0021984 +/- 0.000105299
 Mesh Index (13, 13)
   Total Material
     Fission Rate                         0.00204568 +/- 0.000122736
 Mesh Index (14, 13)
   Total Material
     Fission Rate                         0.00220183 +/- 6.61808e-05
 Mesh Index (15, 13)
   Total Material
     Fission Rate                         0.0023529 +/- 8.41307e-05
 Mesh Index (16, 13)
   Total Material
     Fission Rate                         0.00210095 +/- 0.000107266
 Mesh Index (17, 13)
   Total Material
     Fission Rate                         0.00229706 +/- 0.000140775
 Mesh Index (1, 14)
   Total Material
     Fission Rate                         0.00226722 +/- 0.000124193
 Mesh Index (2, 14)
   Total Material
     Fission Rate                         0.00212816 +/- 8.83121e-05
 Mesh Index (3, 14)
   Total Material
     Fission Rate                         0.00211166 +/- 9.603e-05
 Mesh Index (4, 14)
   Total Material
     Fission Rate                         0 +/- 0
 Mesh Index (5, 14)
   Total Material
     Fission Rate                         0.00232996 +/- 9.8009e-05
 Mesh Index (6, 14)
   Total Material
     Fission Rate                         0.00203832 +/- 9.58388e-05
 Mesh Index (7, 14)
   Total Material
     Fission Rate                         0.0021586 +/- 7.62944e-05
 Mesh Index (8, 14)
   Total Material
     Fission Rate                         0.00217806 +/- 0.000109244
 Mesh Index (9, 14)
   Total Material
     Fission Rate                         0.00233947 +/- 9.21539e-05
 Mesh Index (10, 14)
   Total Material
     Fission Rate                         0.00203117 +/- 8.96657e-05
 Mesh Index (11, 14)
   Total Material
     Fission Rate                         0.00204743 +/- 0.000132389
 Mesh Index (12, 14)
   Total Material
     Fission Rate                         0.00226853 +/- 0.000108421
 Mesh Index (13, 14)
   Total Material
     Fission Rate                         0.00242372 +/- 8.14213e-05
 Mesh Index (14, 14)
   Total Material
     Fission Rate                         0 +/- 0
 Mesh Index (15, 14)
   Total Material
     Fission Rate                         0.00218329 +/- 9.63577e-05
 Mesh Index (16, 14)
   Total Material
     Fission Rate                         0.0020584 +/- 8.94587e-05
 Mesh Index (17, 14)
   Total Material
     Fission Rate                         0.00196409 +/- 8.57471e-05
 Mesh Index (1, 15)
   Total Material
     Fission Rate                         0.00206271 +/- 9.59426e-05
 Mesh Index (2, 15)
   Total Material
     Fission Rate                         0.00194164 +/- 8.53123e-05
 Mesh Index (3, 15)
   Total Material
     Fission Rate                         0.00207049 +/- 8.51549e-05
 Mesh Index (4, 15)
   Total Material
     Fission Rate                         0.00206506 +/- 9.91204e-05
 Mesh Index (5, 15)
   Total Material
     Fission Rate                         0.00227375 +/- 9.36801e-05
 Mesh Index (6, 15)
   Total Material
     Fission Rate                         0 +/- 0
 Mesh Index (7, 15)
   Total Material
     Fission Rate                         0.00229212 +/- 7.73277e-05
 Mesh Index (8, 15)
   Total Material
     Fission Rate                         0.00225538 +/- 7.89076e-05
 Mesh Index (9, 15)
   Total Material
     Fission Rate                         0 +/- 0
 Mesh Index (10, 15)
   Total Material
     Fission Rate                         0.00215681 +/- 7.40325e-05
 Mesh Index (11, 15)
   Total Material
     Fission Rate                         0.00218947 +/- 0.000126667
 Mesh Index (12, 15)
   Total Material
     Fission Rate                         0 +/- 0
 Mesh Index (13, 15)
   Total Material
     Fission Rate                         0.00235915 +/- 0.000118772
 Mesh Index (14, 15)
   Total Material
     Fission Rate                         0.0022294 +/- 8.77011e-05
 Mesh Index (15, 15)
   Total Material
     Fission Rate                         0.00207981 +/- 9.80144e-05
 Mesh Index (16, 15)
   Total Material
     Fission Rate                         0.00212897 +/- 0.000114651
 Mesh Index (17, 15)
   Total Material
     Fission Rate                         0.00193521 +/- 0.000108095
 Mesh Index (1, 16)
   Total Material
     Fission Rate                         0.00199119 +/- 0.000112452
 Mesh Index (2, 16)
   Total Material
     Fission Rate                         0.00206201 +/- 9.30869e-05
 Mesh Index (3, 16)
   Total Material
     Fission Rate                         0.00205716 +/- 8.44136e-05
 Mesh Index (4, 16)
   Total Material
     Fission Rate                         0.00198839 +/- 0.000109264
 Mesh Index (5, 16)
   Total Material
     Fission Rate                         0.00214787 +/- 8.19566e-05
 Mesh Index (6, 16)
   Total Material
     Fission Rate                         0.00225522 +/- 0.000110878
 Mesh Index (7, 16)
   Total Material
     Fission Rate                         0.00236196 +/- 8.95831e-05
 Mesh Index (8, 16)
   Total Material
     Fission Rate                         0.00204398 +/- 0.00010871
 Mesh Index (9, 16)
   Total Material
     Fission Rate                         0.00212893 +/- 9.57231e-05
 Mesh Index (10, 16)
   Total Material
     Fission Rate                         0.00199256 +/- 9.54613e-05
 Mesh Index (11, 16)
   Total Material
     Fission Rate                         0.00210976 +/- 9.55235e-05
 Mesh Index (12, 16)
   Total Material
     Fission Rate                         0.00219913 +/- 0.000103877
 Mesh Index (13, 16)
   Total Material
     Fission Rate                         0.00237163 +/- 0.000108902
 Mesh Index (14, 16)
   Total Material
     Fission Rate                         0.00196514 +/- 0.000120659
 Mesh Index (15, 16)
   Total Material
     Fission Rate                         0.00194482 +/- 0.000118616
 Mesh Index (16, 16)
   Total Material
     Fission Rate                         0.00186273 +/- 9.78624e-05
 Mesh Index (17, 16)
   Total Material
     Fission Rate                         0.00177961 +/- 0.000114354
 Mesh Index (1, 17)
   Total Material
     Fission Rate                         0.00201272 +/- 0.000104154
 Mesh Index (2, 17)
   Total Material
     Fission Rate                         0.00195005 +/- 0.000130081
 Mesh Index (3, 17)
   Total Material
     Fission Rate                         0.00196605 +/- 0.000124588
 Mesh Index (4, 17)
   Total Material
     Fission Rate                         0.00186035 +/- 9.01692e-05
 Mesh Index (5, 17)
   Total Material
     Fission Rate                         0.00190477 +/- 0.000109035
 Mesh Index (6, 17)
   Total Material
     Fission Rate                         0.00194172 +/- 8.83755e-05
 Mesh Index (7, 17)
   Total Material
     Fission Rate                         0.00196077 +/- 9.21477e-05
 Mesh Index (8, 17)
   Total Material
     Fission Rate                         0.00186032 +/- 9.19989e-05
 Mesh Index (9, 17)
   Total Material
     Fission Rate                         0.0019312 +/- 0.00010886
 Mesh Index (10, 17)
   Total Material
     Fission Rate                         0.00200224 +/- 9.72477e-05
 Mesh Index (11, 17)
   Total Material
     Fission Rate                         0.00218404 +/- 0.000111408
 Mesh Index (12, 17)
   Total Material
     Fission Rate                         0.00197579 +/- 0.000109195
 Mesh Index (13, 17)
   Total Material
     Fission Rate                         0.00212949 +/- 0.000125767
 Mesh Index (14, 17)
   Total Material
     Fission Rate                         0.00191557 +/- 0.000101164
 Mesh Index (15, 17)
   Total Material
     Fission Rate                         0.00189056 +/- 0.000104499
 Mesh Index (16, 17)
   Total Material
     Fission Rate                         0.00176843 +/- 9.71488e-05
 Mesh Index (17, 17)
   Total Material
     Fission Rate                         0.00199282 +/- 0.000123377
