 ===================>     TALLY 1: ASSEMBLY POWERS     <====================

 Mesh Index (1, 1)
   Total Material
     Fission Rate                         0 +/- 0
 Mesh Index (2, 1)
   Total Material
     Fission Rate                         0 +/- 0
 Mesh Index (3, 1)
   Total Material
     Fission Rate                         0.0111781 +/- 0.000265029
 Mesh Index (4, 1)
   Total Material
     Fission Rate                         0.0129451 +/- 0.000196768
 Mesh Index (5, 1)
   Total Material
     Fission Rate                         0.0113335 +/- 0.000229003
 Mesh Index (6, 1)
   Total Material
     Fission Rate                         0 +/- 0
 Mesh Index (7, 1)
   Total Material
     Fission Rate                         0 +/- 0
 Mesh Index (1, 2)
   Total Material
     Fission Rate                         0 +/- 0
 Mesh Index (2, 2)
   Total Material
     Fission Rate                         0.0129673 +/- 0.000288766
 Mesh Index (3, 2)
   Total Material
     Fission Rate                         0.0142539 +/- 0.000240593
 Mesh Index (4, 2)
   Total Material
     Fission Rate                         0.0162262 +/- 0.000200391
 Mesh Index (5, 2)
   Total Material
     Fission Rate                         0.0142418 +/- 0.000206875
 Mesh Index (6, 2)
   Total Material
     Fission Rate                         0.0119321 +/- 0.000228062
 Mesh Index (7, 2)
   Total Material
     Fission Rate                         0 +/- 0
 Mesh Index (1, 3)
   Total Material
     Fission Rate                         0.0109129 +/- 0.000199429
 Mesh Index (2, 3)
   Total Material
     Fission Rate                         0.0147317 +/- 0.000293832
 Mesh Index (3, 3)
   Total Material
     Fission Rate                         0.0131797 +/- 0.000168006
 Mesh Index (4, 3)
   Total Material
     Fission Rate                         0.0131589 +/- 0.000139351
 Mesh Index (5, 3)
   Total Material
     Fission Rate                         0.0126252 +/- 0.000167072
 Mesh Index (6, 3)
   Total Material
     Fission Rate                         0.0135025 +/- 0.000221286
 Mesh Index (7, 3)
   Total Material
     Fission Rate                         0.0109192 +/- 0.000212254
 Mesh Index (1, 4)
   Total Material
     Fission Rate                         0.0127525 +/- 0.000185747
 Mesh Index (2, 4)
   Total Material
     Fission Rate                         0.0158541 +/- 0.000235422
 Mesh Index (3, 4)
   Total Material
     Fission Rate                         0.013098 +/- 0.000258897
 Mesh Index (4, 4)
   Total Material
     Fission Rate                         0.013028 +/- 0.0001954
 Mesh Index (5, 4)
   Total Material
     Fission Rate                         0.0136622 +/- 0.000160346
 Mesh Index (6, 4)
   Total Material
     Fission Rate                         0.0157124 +/- 0.000211886
 Mesh Index (7, 4)
   Total Material
     Fission Rate                         0.011972 +/- 0.000180135
 Mesh Index (1, 5)
   Total Material
     Fission Rate                         0.0112804 +/- 0.000262541
 Mesh Index (2, 5)
   Total Material
     Fission Rate                         0.014214 +/- 0.000234764
 Mesh Index (3, 5)
   Total Material
     Fission Rate                         0.0134859 +/- 0.000180743
 Mesh Index (4, 5)
   Total Material
     Fission Rate                         0.0137323 +/- 0.000210105
 Mesh Index (5, 5)
   Total Material
     Fission Rate                         0.0136035 +/- 0.000148011
 Mesh Index (6, 5)
   Total Material
     Fission Rate                         0.0148513 +/- 0.000248141
 Mesh Index (7, 5)
   Total Material
     Fission Rate                         0.0109753 +/- 0.000266888
 Mesh Index (1, 6)
   Total Material
     Fission Rate                         0 +/- 0
 Mesh Index (2, 6)
   Total Material
     Fission Rate                         0.0133202 +/- 0.000243161
 Mesh Index (3, 6)
   Total Material
     Fission Rate                         0.0146623 +/- 0.000243017
 Mesh Index (4, 6)
   Total Material
     Fission Rate                         0.0165028 +/- 0.000202238
 Mesh Index (5, 6)
   Total Material
     Fission Rate                         0.015006 +/- 0.000181265
 Mesh Index (6, 6)
   Total Material
     Fission Rate                         0.0132292 +/- 0.000192019
 Mesh Index (7, 6)
   Total Material
     Fission Rate                         0 +/- 0
 Mesh Index (1, 7)
   Total Material
     Fission Rate                         0 +/- 0
 Mesh Index (2, 7)
   Total Material
     Fission Rate                         0 +/- 0
 Mesh Index (3, 7)
   Total Material
     Fission Rate                         0.0112122 +/- 0.000189295
 Mesh Index (4, 7)
   Total Material
     Fission Rate                         0.0130412 +/- 0.000234428
 Mesh Index (5, 7)
   Total Material
     Fission Rate                         0.0112244 +/- 0.000185638
 Mesh Index (6, 7)
   Total Material
     Fission Rate                         0 +/- 0
 Mesh Index (7, 7)
   Total Material
     Fission Rate                         0 +/- 0
