 ===================>     TALLY 1: LEAKAGE_SPECTRUM     <===================

 Surface 2
   Incoming Energy [49999.99999999999, 52934.79272702753)
     Total Material
       Current                              0.0035365 +/- 2.559e-05
   Incoming Energy [52934.79272702753, 56041.84562106723)
     Total Material
       Current                              0.0035828 +/- 1.74819e-05
   Incoming Energy [56041.84562106723, 59331.2696398254)
     Total Material
       Current                              0.0036667 +/- 2.26363e-05
   Incoming Energy [59331.2696398254, 62813.76921231065)
     Total Material
       Current                              0.0037208 +/- 2.35376e-05
   Incoming Energy [62813.76921231065, 66500.67707314016)
     Total Material
       Current                              0.003789 +/- 1.15979e-05
   Incoming Energy [66500.67707314016, 70403.9911414732)
     Total Material
       Current                              0.0038464 +/- 1.85498e-05
   Incoming Energy [70403.9911414732, 74536.41356458733)
     Total Material
       Current                              0.0039254 +/- 3.0477e-05
   Incoming Energy [74536.41356458733, 78911.39205314853)
     Total Material
       Current                              0.003993 +/- 1.96401e-05
   Incoming Energy [78911.39205314853, 83543.16364269251)
     Total Material
       Current                              0.0040629 +/- 1.2155e-05
   Incoming Energy [83543.16364269251, 88446.80102372124)
     Total Material
       Current                              0.0041315 +/- 2.08733e-05
   Incoming Energy [88446.80102372124, 93638.26159118663)
     Total Material
       Current                              0.0042435 +/- 1.87523e-05
   Incoming Energy [93638.26159118663, 99134.43937297276)
     Total Material
       Current                              0.0043295 +/- 2.53733e-05
   Incoming Energy [99134.43937297276, 104953.22000636782)
     Total Material
       Current                              0.0044062 +/- 2.04243e-05
   Incoming Energy [104953.22000636782, 111113.53894142377)
     Total Material
       Current                              0.0044727 +/- 2.10603e-05
   Incoming Energy [111113.53894142377, 117635.4430606154)
     Total Material
       Current                              0.0046097 +/- 2.81784e-05
   Incoming Energy [117635.4430606154, 124540.15591531429)
     Total Material
       Current                              0.0046599 +/- 2.62105e-05
   Incoming Energy [124540.15591531429, 131850.14679137708)
     Total Material
       Current                              0.0047504 +/- 3.56022e-05
   Incoming Energy [131850.14679137708, 139589.20382859375)
     Total Material
       Current                              0.0048697 +/- 2.77437e-05
   Incoming Energy [139589.20382859375, 147782.51143194817)
     Total Material
       Current                              0.0049925 +/- 2.69606e-05
   Incoming Energy [147782.51143194817, 156456.73222659476)
     Total Material
       Current                              0.0050618 +/- 1.84396e-05
   Incoming Energy [156456.73222659476, 165640.09382325687)
     Total Material
       Current                              0.0052605 +/- 2.98784e-05
   Incoming Energy [165640.09382325687, 175362.4806763896)
     Total Material
       Current                              0.0053945 +/- 2.02557e-05
   Incoming Energy [175362.4806763896, 185655.5313340411)
     Total Material
       Current                              0.0054671 +/- 2.28232e-05
   Incoming Energy [185655.5313340411, 196552.74139587223)
     Total Material
       Current                              0.005644 +/- 2.22421e-05
   Incoming Energy [196552.74139587223, 208089.57251439086)
     Total Material
       Current                              0.0057637 +/- 2.44718e-05
   Incoming Energy [208089.57251439086, 220303.56779410093)
     Total Material
       Current                              0.0059711 +/- 2.22183e-05
   Incoming Energy [220303.56779410093, 233234.47396410737)
     Total Material
       Current                              0.0061604 +/- 3.24243e-05
   Incoming Energy [233234.47396410737, 246924.370721746)
     Total Material
       Current                              0.0063429 +/- 2.91366e-05
   Incoming Energy [246924.370721746, 261417.80766814662)
     Total Material
       Current                              0.0066066 +/- 2.5156e-05
   Incoming Energy [261417.80766814662, 276761.9492813458)
     Total Material
       Current                              0.0068333 +/- 2.84371e-05
   Incoming Energy [276761.9492813458, 293006.7283987224)
     Total Material
       Current                              0.0071073 +/- 2.39212e-05
   Incoming Energy [293006.7283987224, 310205.0087082165)
     Total Material
       Current                              0.0073111 +/- 2.38185e-05
   Incoming Energy [310205.0087082165, 328412.7567771036)
     Total Material
       Current                              0.0075009 +/- 3.76264e-05
   Incoming Energy [328412.7567771036, 347689.22417815373)
     Total Material
       Current                              0.0076931 +/- 4.28736e-05
   Incoming Energy [347689.22417815373, 368097.14030583086)
     Total Material
       Current                              0.0079713 +/- 2.8535e-05
   Incoming Energy [368097.14030583086, 389702.9165100146)
     Total Material
       Current                              0.0081613 +/- 2.33971e-05
   Incoming Energy [389702.9165100146, 412576.86221151403)
     Total Material
       Current                              0.0084671 +/- 2.83923e-05
   Incoming Energy [412576.86221151403, 436793.4137026779)
     Total Material
       Current                              0.0085455 +/- 3.5351e-05
   Incoming Energy [436793.4137026779, 462431.37637763994)
     Total Material
       Current                              0.0086489 +/- 3.58864e-05
   Incoming Energy [462431.37637763994, 489574.1811804886)
     Total Material
       Current                              0.0086455 +/- 3.52774e-05
   Incoming Energy [489574.1811804886, 518310.1561058668)
     Total Material
       Current                              0.0085366 +/- 3.91411e-05
   Incoming Energy [518310.1561058668, 548732.8136355468)
     Total Material
       Current                              0.0084758 +/- 3.38296e-05
   Incoming Energy [548732.8136355468, 580941.155046325)
     Total Material
       Current                              0.0082156 +/- 2.26359e-05
   Incoming Energy [580941.155046325, 615039.9925795436)
     Total Material
       Current                              0.0059396 +/- 2.87816e-05
   Incoming Energy [615039.9925795436, 651140.2905206125)
     Total Material
       Current                              0.004662 +/- 2.69304e-05
   Incoming Energy [651140.2905206125, 689359.5262985025)
     Total Material
       Current                              0.0081615 +/- 2.78593e-05
   Incoming Energy [689359.5262985025, 729822.0727802623)
     Total Material
       Current                              0.009123 +/- 3.2865e-05
   Incoming Energy [729822.0727802623, 772659.6030046543)
     Total Material
       Current                              0.0094581 +/- 5.16663e-05
   Incoming Energy [772659.6030046543, 818011.5186719735)
     Total Material
       Current                              0.0082442 +/- 1.81303e-05
   Incoming Energy [818011.5186719735, 866025.4037844387)
     Total Material
       Current                              0.0090103 +/- 2.34384e-05
   Incoming Energy [866025.4037844387, 916857.5049133919)
     Total Material
       Current                              0.0090839 +/- 3.31023e-05
   Incoming Energy [916857.5049133919, 970673.2396561987)
     Total Material
       Current                              0.0089436 +/- 2.70313e-05
   Incoming Energy [970673.2396561987, 1027647.734937462)
     Total Material
       Current                              0.0088683 +/- 3.10018e-05
   Incoming Energy [1027647.734937462, 1087966.3969062776)
     Total Material
       Current                              0.0091101 +/- 4.13348e-05
   Incoming Energy [1087966.3969062776, 1151825.5142840957)
     Total Material
       Current                              0.009507 +/- 3.25634e-05
   Incoming Energy [1151825.5142840957, 1219432.8971266076)
     Total Material
       Current                              0.0099817 +/- 1.77627e-05
   Incoming Energy [1219432.8971266076, 1291008.5530783108)
     Total Material
       Current                              0.0105514 +/- 4.5413e-05
   Incoming Energy [1291008.5530783108, 1366785.4033204024)
     Total Material
       Current                              0.0111566 +/- 2.88741e-05
   Incoming Energy [1366785.4033204024, 1447010.0405418447)
     Total Material
       Current                              0.0117684 +/- 3.85654e-05
   Incoming Energy [1447010.0405418447, 1531943.531400202)
     Total Material
       Current                              0.0123388 +/- 2.42472e-05
   Incoming Energy [1531943.531400202, 1621862.266083606)
     Total Material
       Current                              0.0127868 +/- 3.67299e-05
   Incoming Energy [1621862.266083606, 1717058.857738454)
     Total Material
       Current                              0.0129992 +/- 4.43801e-05
   Incoming Energy [1717058.857738454, 1817843.0946898346)
     Total Material
       Current                              0.0128086 +/- 4.2506e-05
   Incoming Energy [1817843.0946898346, 1924542.9485532898)
     Total Material
       Current                              0.0121474 +/- 2.62116e-05
   Incoming Energy [1924542.9485532898, 2037505.6415186164)
     Total Material
       Current                              0.011397 +/- 4.45461e-05
   Incoming Energy [2037505.6415186164, 2157098.7762787403)
     Total Material
       Current                              0.0104995 +/- 3.64018e-05
   Incoming Energy [2157098.7762787403, 2283711.5322807976)
     Total Material
       Current                              0.0095774 +/- 4.38969e-05
   Incoming Energy [2283711.5322807976, 2417755.9321921244)
     Total Material
       Current                              0.0085904 +/- 3.57498e-05
   Incoming Energy [2417755.9321921244, 2559668.182702627)
     Total Material
       Current                              0.0080264 +/- 3.06363e-05
   Incoming Energy [2559668.182702627, 2709910.094026611)
     Total Material
       Current                              0.0068619 +/- 4.59752e-05
   Incoming Energy [2709910.094026611, 2868970.5827235673)
     Total Material
       Current                              0.0052285 +/- 2.20117e-05
   Incoming Energy [2868970.5827235673, 3037367.262728229)
     Total Material
       Current                              0.0057929 +/- 2.18462e-05
   Incoming Energy [3037367.262728229, 3215648.1297675497)
     Total Material
       Current                              0.0063284 +/- 2.13355e-05
   Incoming Energy [3215648.1297675497, 3404393.344645973)
     Total Material
       Current                              0.0067132 +/- 2.21363e-05
   Incoming Energy [3404393.344645973, 3604217.1212021317)
     Total Material
       Current                              0.0070778 +/- 2.58607e-05
   Incoming Energy [3604217.1212021317, 3815769.725080775)
     Total Material
       Current                              0.0074092 +/- 3.93457e-05
   Incoming Energy [3815769.725080775, 4039739.5898243454)
     Total Material
       Current                              0.0079962 +/- 3.44073e-05
   Incoming Energy [4039739.5898243454, 4276855.557170371)
     Total Material
       Current                              0.0091843 +/- 4.28755e-05
   Incoming Energy [4276855.557170371, 4527889.248844989)
     Total Material
       Current                              0.0092552 +/- 5.29007e-05
   Incoming Energy [4527889.248844989, 4793657.577570918)
     Total Material
       Current                              0.0095934 +/- 3.67787e-05
   Incoming Energy [4793657.577570918, 5075025.405461219)
     Total Material
       Current                              0.0098788 +/- 4.47953e-05
   Incoming Energy [5075025.405461219, 5372908.35844976)
     Total Material
       Current                              0.010182 +/- 1.6771e-05
   Incoming Energy [5372908.35844976, 5688275.805917037)
     Total Material
       Current                              0.0103379 +/- 3.37374e-05
   Incoming Energy [5688275.805917037, 6022154.015207677)
     Total Material
       Current                              0.0104958 +/- 4.4202e-05
   Incoming Energy [6022154.015207677, 6375629.491305088)
     Total Material
       Current                              0.0105462 +/- 2.7011e-05
   Incoming Energy [6375629.491305088, 6749852.512531163)
     Total Material
       Current                              0.010509 +/- 4.17234e-05
   Incoming Energy [6749852.512531163, 7146040.873776864)
     Total Material
       Current                              0.0105658 +/- 3.25712e-05
   Incoming Energy [7146040.873776864, 7565483.849444901)
     Total Material
       Current                              0.010521 +/- 2.24024e-05
   Incoming Energy [7565483.849444901, 8009546.389000789)
     Total Material
       Current                              0.0102686 +/- 3.03352e-05
   Incoming Energy [8009546.389000789, 8479673.558785373)
     Total Material
       Current                              0.0101855 +/- 3.47912e-05
   Incoming Energy [8479673.558785373, 8977395.244543176)
     Total Material
       Current                              0.0111436 +/- 3.58748e-05
   Incoming Energy [8977395.244543176, 9504331.129969914)
     Total Material
       Current                              0.013456 +/- 3.06442e-05
   Incoming Energy [9504331.129969914, 10062195.967479857)
     Total Material
       Current                              0.0162732 +/- 2.95946e-05
   Incoming Energy [10062195.967479857, 10652805.158345548)
     Total Material
       Current                              0.0196969 +/- 4.72293e-05
   Incoming Energy [10652805.158345548, 11278080.660368606)
     Total Material
       Current                              0.0208361 +/- 4.65041e-05
   Incoming Energy [11278080.660368606, 11940057.2423062)
     Total Material
       Current                              0.0152025 +/- 4.64249e-05
   Incoming Energy [11940057.2423062, 12640889.105406456)
     Total Material
       Current                              0.021699 +/- 5.00358e-05
   Incoming Energy [12640889.105406456, 13382856.893600598)
     Total Material
       Current                              0.0737722 +/- 5.89284e-05
   Incoming Energy [13382856.893600598, 14168375.115164356)
     Total Material
       Current                              0.350341 +/- 0.000175961
   Incoming Energy [14168375.115164356, 15000000.000000004)
     Total Material
       Current                              0 +/- 0
 ====================>     TALLY 2: TOTAL_LEAKAGE     <=====================

 Surface 2
   Total Material
     Current                              1.6382 +/- 0.000206697
